<?xml version="1.0" encoding="UTF-8"?>
<testsuites name="Ayarlar" time="951.648" tests="20" failures="1" errors="0">
   <testsuite name="Ayarlar" tests="20" failures="1" errors="0" time="951.648" skipped="0" timestamp="2021-11-23 17:09:27" hostname="DELL - DESKTOP-QBVMTUG" id="">
      <properties>
         <property name="deviceName" value=""/>
         <property name="devicePlatform" value=""/>
         <property name="logFolder" value="C:\\Users\\DELL\\Documents\\GitHub\\EES_KatalonLogo\\Reports\\20211123_163326\\Suite Repository\\Ayarlar\\20211123_163427"/>
         <property name="logFiles" value="C:\\Users\\DELL\\Documents\\GitHub\\EES_KatalonLogo\\Reports\\20211123_163326\\Suite Repository\\Ayarlar\\20211123_163427\\execution0.log"/>
         <property name="attachments" value=""/>
         <property name="hostName" value="DELL - DESKTOP-QBVMTUG"/>
         <property name="os" value="Windows 10 64bit"/>
         <property name="katalonVersion" value="8.0.5.208"/>
         <property name="browser" value="Chrome 96.0.4664.45"/>
         <property name="hostAddress" value="192.168.1.24"/>
         <property name="sessionId" value="811903760d63d498e01b94ef7830db9f"/>
         <property name="seleniumVersion" value="3.141.59"/>
         <property name="proxyInformation" value="ProxyInformation { proxyOption=NO_PROXY, proxyServerType=HTTP, username=, password=********, proxyServerAddress=, proxyServerPort=0, executionList=&quot;&quot;, isApplyToDesiredCapabilities=true }"/>
         <property name="platform" value="Windows 10"/>
      </properties>
      <testcase name="Test Cases/Case Repository/Ayarlar/Araclar/Adres Defteri/Buton Kontrolu" time="44.505" classname="Test Cases/Case Repository/Ayarlar/Araclar/Adres Defteri/Buton Kontrolu" status="PASSED">
         <system-out><![CDATA[2021-11-23 17:09:27 - [TEST_CASE][PASSED] - Test Cases/Case Repository/Ayarlar/Araclar/Adres Defteri/Buton Kontrolu: Test Cases/Case Repository/Ayarlar/Araclar/Adres Defteri/Buton Kontrolu

2021-11-23 17:09:27 - [TEST_STEP][PASSED] - Start listener action : sampleBeforeTestSuite: Invoke 'com.kms.katalon.core.annotation.BeforeTestCase' method: 'Listener.sampleBeforeTestSuite(...)' completed.

2021-11-23 17:09:27 - [MESSAGE][INFO] - Starting invoke 'com.kms.katalon.core.annotation.BeforeTestCase' method: 'Listener.sampleBeforeTestSuite(...)'

2021-11-23 17:09:27 - [TEST_STEP][PASSED] - openBrowser(baseUrl): Browser is opened with url: 'https://efatura-stage.elogo.com.tr/'

2021-11-23 17:09:28 - [MESSAGE][INFO] - Opening browser

2021-11-23 17:09:28 - [MESSAGE][INFO] - Starting 'Chrome' driver

2021-11-23 17:09:29 - [MESSAGE][INFO] - User set preference: ['prefs', '{download.default_directory=C:\otomasyondownfiles}']

2021-11-23 17:09:29 - [MESSAGE][INFO] - Action delay is set to 0 milliseconds

2021-11-23 17:09:32 - [MESSAGE][INFO] - Navigating browser to: 'https://efatura-stage.elogo.com.tr/'

2021-11-23 17:09:36 - [MESSAGE][PASSED] - Browser is opened with url: 'https://efatura-stage.elogo.com.tr/'

2021-11-23 17:09:36 - [TEST_STEP][PASSED] - maximizeWindow(): Invoke 'com.kms.katalon.core.annotation.BeforeTestCase' method: 'Listener.sampleBeforeTestSuite(...)' completed.

2021-11-23 17:09:36 - [MESSAGE][INFO] - Maximizing current window

2021-11-23 17:09:36 - [MESSAGE][PASSED] - Current window maximized

2021-11-23 17:09:36 - [MESSAGE][INFO] - Invoke 'com.kms.katalon.core.annotation.BeforeTestCase' method: 'Listener.sampleBeforeTestSuite(...)' completed.

2021-11-23 17:09:37 - [TEST_STEP][PASSED] - runFeatureFile("Include/features/Ayarlar/Araclar/Adres Defteri/Buton Kontrolu.feature"): Feature file: 'Include/features/Ayarlar/Araclar/Adres Defteri/Buton Kontrolu.feature' was passed

2021-11-23 17:09:37 - [MESSAGE][INFO] - Starting run keyword runFeatureFile: 'Include/features/Ayarlar/Araclar/Adres Defteri/Buton Kontrolu.feature' and extract report to folder: 'C:\Users\DELL\Documents\GitHub\EES_KatalonLogo\Reports\20211123_163326\Suite Repository\Ayarlar\20211123_163427/cucumber_report/1637676577350'...

2021-11-23 17:09:37 - [MESSAGE][INFO] - Glue: []

2021-11-23 17:09:42 - [MESSAGE][INFO] - Checking called Test Case

2021-11-23 17:09:42 - [MESSAGE][INFO] - Starting to call Test Case 'Test Cases/Sayfalar/Giris_Sayfasi/Login'

2021-11-23 17:09:42 - [TEST_CASE][PASSED] - Test Cases/Sayfalar/Giris_Sayfasi/Login: Test Cases/Sayfalar/Giris_Sayfasi/Login

2021-11-23 17:09:43 - [TEST_STEP][PASSED] - Sayfa_Basligi = getWindowTitle(): Current window's title is: 'LOGO e-Fatura'

2021-11-23 17:09:43 - [MESSAGE][INFO] - Getting current window's title

2021-11-23 17:09:43 - [MESSAGE][PASSED] - Current window's title is: 'LOGO e-Fatura'

2021-11-23 17:09:43 - [TEST_STEP][PASSED] - verifyMatch(Sayfa_Basligi, "LOGO e-Fatura", false): Actual text 'LOGO e-Fatura' and expected text 'LOGO e-Fatura' are matched 

2021-11-23 17:09:43 - [MESSAGE][INFO] - Matching actual text 'LOGO e-Fatura' with expected text 'LOGO e-Fatura'

2021-11-23 17:09:43 - [MESSAGE][PASSED] - Actual text 'LOGO e-Fatura' and expected text 'LOGO e-Fatura' are matched 

2021-11-23 17:09:43 - [TEST_STEP][PASSED] - sendKeys(findTestObject("Sayfalar/Giris_Sayfasi/Firma_Kodu"), KullaniciAdi): Keys 'ELOGO6' sent to object: 'Object Repository/Sayfalar/Giris_Sayfasi/Firma_Kodu'

2021-11-23 17:09:43 - [MESSAGE][INFO] - Finding Test Object 'Object Repository/Sayfalar/Giris_Sayfasi/Firma_Kodu'

2021-11-23 17:09:43 - [MESSAGE][INFO] - Sending keys 'ELOGO6' to object: 'Object Repository/Sayfalar/Giris_Sayfasi/Firma_Kodu'

2021-11-23 17:09:43 - [MESSAGE][INFO] - Finding web element from Test Object's properties

2021-11-23 17:09:43 - [MESSAGE][INFO] - Checking timeout

2021-11-23 17:09:43 - [MESSAGE][INFO] - Finding web element with id: 'Object Repository/Sayfalar/Giris_Sayfasi/Firma_Kodu' located by 'By.xpath: //*[@id = 'AccountName']' in '30' second(s)

2021-11-23 17:09:43 - [MESSAGE][INFO] - Smart Wait Function is triggered

2021-11-23 17:09:44 - [MESSAGE][INFO] - Found 1 web elements with id: 'Object Repository/Sayfalar/Giris_Sayfasi/Firma_Kodu' located by 'By.xpath: //*[@id = 'AccountName']' in '30' second(s)

2021-11-23 17:09:44 - [MESSAGE][PASSED] - Keys 'ELOGO6' sent to object: 'Object Repository/Sayfalar/Giris_Sayfasi/Firma_Kodu'

2021-11-23 17:09:44 - [TEST_STEP][PASSED] - sendKeys(findTestObject("Sayfalar/Giris_Sayfasi/Sifre"), Sifre): Keys '123456' sent to object: 'Object Repository/Sayfalar/Giris_Sayfasi/Sifre'

2021-11-23 17:09:44 - [MESSAGE][INFO] - Finding Test Object 'Object Repository/Sayfalar/Giris_Sayfasi/Sifre'

2021-11-23 17:09:44 - [MESSAGE][INFO] - Sending keys '123456' to object: 'Object Repository/Sayfalar/Giris_Sayfasi/Sifre'

2021-11-23 17:09:44 - [MESSAGE][INFO] - Finding web element from Test Object's properties

2021-11-23 17:09:44 - [MESSAGE][INFO] - Checking timeout

2021-11-23 17:09:44 - [MESSAGE][INFO] - Finding web element with id: 'Object Repository/Sayfalar/Giris_Sayfasi/Sifre' located by 'By.xpath: //*[@id = 'Password']' in '30' second(s)

2021-11-23 17:09:44 - [MESSAGE][INFO] - Smart Wait Function is triggered

2021-11-23 17:09:45 - [MESSAGE][INFO] - Found 1 web elements with id: 'Object Repository/Sayfalar/Giris_Sayfasi/Sifre' located by 'By.xpath: //*[@id = 'Password']' in '30' second(s)

2021-11-23 17:09:45 - [MESSAGE][PASSED] - Keys '123456' sent to object: 'Object Repository/Sayfalar/Giris_Sayfasi/Sifre'

2021-11-23 17:09:45 - [TEST_STEP][PASSED] - findWebElement(findTestObject("Sayfalar/Giris_Sayfasi/Giris_Butonu")).click(): Found 1 web elements with id: 'Object Repository/Sayfalar/Giris_Sayfasi/Giris_Butonu' located by 'By.cssSelector: #btnLogin' in '30' second(s)

2021-11-23 17:09:45 - [MESSAGE][INFO] - Finding Test Object 'Object Repository/Sayfalar/Giris_Sayfasi/Giris_Butonu'

2021-11-23 17:09:45 - [MESSAGE][INFO] - Finding web element from Test Object's properties

2021-11-23 17:09:45 - [MESSAGE][INFO] - Checking timeout

2021-11-23 17:09:45 - [MESSAGE][INFO] - Finding web element with id: 'Object Repository/Sayfalar/Giris_Sayfasi/Giris_Butonu' located by 'By.cssSelector: #btnLogin' in '30' second(s)

2021-11-23 17:09:45 - [MESSAGE][INFO] - Smart Wait Function is triggered

2021-11-23 17:09:45 - [MESSAGE][INFO] - Found 1 web elements with id: 'Object Repository/Sayfalar/Giris_Sayfasi/Giris_Butonu' located by 'By.cssSelector: #btnLogin' in '30' second(s)

2021-11-23 17:09:48 - [TEST_STEP][PASSED] - if (verifyElementPresent(findTestObject("Object Repository/Sayfalar/Giris_Sayfasi/RetveTamam_Butonu"), 5, OPTIONAL)): null

2021-11-23 17:09:48 - [MESSAGE][INFO] - Finding Test Object 'Object Repository/Sayfalar/Giris_Sayfasi/RetveTamam_Butonu'

2021-11-23 17:09:48 - [MESSAGE][INFO] - Checking object

2021-11-23 17:09:48 - [MESSAGE][INFO] - Finding web element from Test Object's properties

2021-11-23 17:09:48 - [MESSAGE][INFO] - Checking timeout

2021-11-23 17:09:48 - [MESSAGE][INFO] - Finding web element with id: 'Object Repository/Sayfalar/Giris_Sayfasi/RetveTamam_Butonu' located by 'By.xpath: //*[@class = 'btn btn-default']' in '5' second(s)

2021-11-23 17:09:48 - [MESSAGE][INFO] - Smart Wait Function is triggered

2021-11-23 17:09:49 - [MESSAGE][INFO] - Found 1 web elements with id: 'Object Repository/Sayfalar/Giris_Sayfasi/RetveTamam_Butonu' located by 'By.xpath: //*[@class = 'btn btn-default']' in '5' second(s)

2021-11-23 17:09:49 - [MESSAGE][PASSED] - Object 'Object Repository/Sayfalar/Giris_Sayfasi/RetveTamam_Butonu' is present

2021-11-23 17:09:49 - [TEST_STEP][PASSED] - click(findTestObject("Object Repository/Sayfalar/Giris_Sayfasi/RetveTamam_Butonu")): Object: 'Object Repository/Sayfalar/Giris_Sayfasi/RetveTamam_Butonu' is clicked on

2021-11-23 17:09:49 - [MESSAGE][INFO] - Finding Test Object 'Object Repository/Sayfalar/Giris_Sayfasi/RetveTamam_Butonu'

2021-11-23 17:09:49 - [MESSAGE][INFO] - Checking object

2021-11-23 17:09:49 - [MESSAGE][INFO] - Finding web element from Test Object's properties

2021-11-23 17:09:49 - [MESSAGE][INFO] - Checking timeout

2021-11-23 17:09:49 - [MESSAGE][INFO] - Finding web element with id: 'Object Repository/Sayfalar/Giris_Sayfasi/RetveTamam_Butonu' located by 'By.xpath: //*[@class = 'btn btn-default']' in '30' second(s)

2021-11-23 17:09:49 - [MESSAGE][INFO] - Smart Wait Function is triggered

2021-11-23 17:09:49 - [MESSAGE][INFO] - Found 1 web elements with id: 'Object Repository/Sayfalar/Giris_Sayfasi/RetveTamam_Butonu' located by 'By.xpath: //*[@class = 'btn btn-default']' in '30' second(s)

2021-11-23 17:09:49 - [MESSAGE][INFO] - Clicking on object: 'Object Repository/Sayfalar/Giris_Sayfasi/RetveTamam_Butonu'

2021-11-23 17:09:49 - [MESSAGE][PASSED] - Object: 'Object Repository/Sayfalar/Giris_Sayfasi/RetveTamam_Butonu' is clicked on

2021-11-23 17:09:49 - [TEST_STEP][PASSED] - click(findTestObject("Object Repository/Sayfalar/Giris_Sayfasi/RetveTamam_Butonu")): Object: 'Object Repository/Sayfalar/Giris_Sayfasi/RetveTamam_Butonu' is clicked on

2021-11-23 17:09:49 - [MESSAGE][INFO] - Finding Test Object 'Object Repository/Sayfalar/Giris_Sayfasi/RetveTamam_Butonu'

2021-11-23 17:09:50 - [MESSAGE][INFO] - Checking object

2021-11-23 17:09:50 - [MESSAGE][INFO] - Finding web element from Test Object's properties

2021-11-23 17:09:50 - [MESSAGE][INFO] - Checking timeout

2021-11-23 17:09:50 - [MESSAGE][INFO] - Finding web element with id: 'Object Repository/Sayfalar/Giris_Sayfasi/RetveTamam_Butonu' located by 'By.xpath: //*[@class = 'btn btn-default']' in '30' second(s)

2021-11-23 17:09:50 - [MESSAGE][INFO] - Smart Wait Function is triggered

2021-11-23 17:09:53 - [MESSAGE][INFO] - Found 1 web elements with id: 'Object Repository/Sayfalar/Giris_Sayfasi/RetveTamam_Butonu' located by 'By.xpath: //*[@class = 'btn btn-default']' in '30' second(s)

2021-11-23 17:09:53 - [MESSAGE][INFO] - Clicking on object: 'Object Repository/Sayfalar/Giris_Sayfasi/RetveTamam_Butonu'

2021-11-23 17:09:53 - [MESSAGE][PASSED] - Object: 'Object Repository/Sayfalar/Giris_Sayfasi/RetveTamam_Butonu' is clicked on

2021-11-23 17:09:53 - [TEST_STEP][PASSED] - if (verifyElementPresent(findTestObject("Sayfalar/Giris_Sayfasi/PopupOK"), 5, OPTIONAL)): null

2021-11-23 17:09:53 - [MESSAGE][INFO] - Finding Test Object 'Object Repository/Sayfalar/Giris_Sayfasi/PopupOK'

2021-11-23 17:09:53 - [MESSAGE][INFO] - Checking object

2021-11-23 17:09:53 - [MESSAGE][INFO] - Finding web element from Test Object's properties

2021-11-23 17:09:53 - [MESSAGE][INFO] - Checking timeout

2021-11-23 17:09:53 - [MESSAGE][INFO] - Finding web element with id: 'Object Repository/Sayfalar/Giris_Sayfasi/PopupOK' located by 'By.cssSelector: .btn.btn-success' in '5' second(s)

2021-11-23 17:09:53 - [MESSAGE][INFO] - Smart Wait Function is triggered

2021-11-23 17:09:53 - [MESSAGE][INFO] - Found 1 web elements with id: 'Object Repository/Sayfalar/Giris_Sayfasi/PopupOK' located by 'By.cssSelector: .btn.btn-success' in '5' second(s)

2021-11-23 17:09:53 - [MESSAGE][PASSED] - Object 'Object Repository/Sayfalar/Giris_Sayfasi/PopupOK' is present

2021-11-23 17:09:53 - [TEST_STEP][PASSED] - click(findTestObject("Object Repository/Sayfalar/Giris_Sayfasi/PopupCarpiGiris")): Object: 'Object Repository/Sayfalar/Giris_Sayfasi/PopupCarpiGiris' is clicked on

2021-11-23 17:09:53 - [MESSAGE][INFO] - Finding Test Object 'Object Repository/Sayfalar/Giris_Sayfasi/PopupCarpiGiris'

2021-11-23 17:09:53 - [MESSAGE][INFO] - Checking object

2021-11-23 17:09:53 - [MESSAGE][INFO] - Finding web element from Test Object's properties

2021-11-23 17:09:53 - [MESSAGE][INFO] - Checking timeout

2021-11-23 17:09:53 - [MESSAGE][INFO] - Finding web element with id: 'Object Repository/Sayfalar/Giris_Sayfasi/PopupCarpiGiris' located by 'By.cssSelector: .bootbox-close-button.close' in '30' second(s)

2021-11-23 17:09:53 - [MESSAGE][INFO] - Smart Wait Function is triggered

2021-11-23 17:09:54 - [MESSAGE][INFO] - Found 1 web elements with id: 'Object Repository/Sayfalar/Giris_Sayfasi/PopupCarpiGiris' located by 'By.cssSelector: .bootbox-close-button.close' in '30' second(s)

2021-11-23 17:09:54 - [MESSAGE][INFO] - Clicking on object: 'Object Repository/Sayfalar/Giris_Sayfasi/PopupCarpiGiris'

2021-11-23 17:09:54 - [MESSAGE][PASSED] - Object: 'Object Repository/Sayfalar/Giris_Sayfasi/PopupCarpiGiris' is clicked on

2021-11-23 17:09:54 - [TEST_STEP][PASSED] - verifyElementVisible(findTestObject("Object Repository/Kullanici_Islemleri/KullaniciIslemleri")): Object 'Object Repository/Kullanici_Islemleri/KullaniciIslemleri' is visible

2021-11-23 17:09:54 - [MESSAGE][INFO] - Finding Test Object 'Object Repository/Kullanici_Islemleri/KullaniciIslemleri'

2021-11-23 17:09:54 - [MESSAGE][INFO] - Checking object

2021-11-23 17:09:54 - [MESSAGE][INFO] - Finding web element from Test Object's properties

2021-11-23 17:09:54 - [MESSAGE][INFO] - Checking timeout

2021-11-23 17:09:54 - [MESSAGE][INFO] - Finding web element with id: 'Object Repository/Kullanici_Islemleri/KullaniciIslemleri' located by 'By.cssSelector: .dropdown>a>img' in '30' second(s)

2021-11-23 17:09:54 - [MESSAGE][INFO] - Smart Wait Function is triggered

2021-11-23 17:09:55 - [MESSAGE][INFO] - Found 1 web elements with id: 'Object Repository/Kullanici_Islemleri/KullaniciIslemleri' located by 'By.cssSelector: .dropdown>a>img' in '30' second(s)

2021-11-23 17:09:55 - [MESSAGE][PASSED] - Object 'Object Repository/Kullanici_Islemleri/KullaniciIslemleri' is visible

2021-11-23 17:09:55 - [MESSAGE][PASSED] - Call Test Case 'Test Cases/Sayfalar/Giris_Sayfasi/Login' successfully

2021-11-23 17:09:55 - [MESSAGE][INFO] - Checking called Test Case

2021-11-23 17:09:55 - [MESSAGE][INFO] - Starting to call Test Case 'Test Cases/Menu/AnaMenuSecimi'

2021-11-23 17:09:55 - [TEST_CASE][PASSED] - Test Cases/Menu/AnaMenuSecimi: Test Cases/Menu/AnaMenuSecimi

2021-11-23 17:09:55 - [TEST_STEP][PASSED] - Method.TextDegerineEsitElementeTikla(findTestObject("Menu/Ana_Menu"), Ana_Menu): Method.TextDegerineEsitElementeTikla is PASSED

2021-11-23 17:09:55 - [MESSAGE][INFO] - Finding Test Object 'Object Repository/Menu/Ana_Menu'

2021-11-23 17:09:56 - [MESSAGE][INFO] - Checking timeout

2021-11-23 17:09:56 - [MESSAGE][INFO] - Finding web element with id: 'Object Repository/Menu/Ana_Menu' located by 'By.xpath: //*[@class = 'dropdown-toggle']' in '10' second(s)

2021-11-23 17:09:56 - [MESSAGE][INFO] - Smart Wait Function is triggered

2021-11-23 17:09:56 - [MESSAGE][INFO] - Found 14 web elements with id: 'Object Repository/Menu/Ana_Menu' located by 'By.xpath: //*[@class = 'dropdown-toggle']' in '10' second(s)

2021-11-23 17:09:56 - [MESSAGE][PASSED] - Method.TextDegerineEsitElementeTikla is PASSED

2021-11-23 17:09:56 - [MESSAGE][PASSED] - Call Test Case 'Test Cases/Menu/AnaMenuSecimi' successfully

2021-11-23 17:09:56 - [MESSAGE][INFO] - Checking called Test Case

2021-11-23 17:09:56 - [MESSAGE][INFO] - Starting to call Test Case 'Test Cases/Menu/BasligaGoreAltMenuSecimi'

2021-11-23 17:09:56 - [TEST_CASE][PASSED] - Test Cases/Menu/BasligaGoreAltMenuSecimi: Test Cases/Menu/BasligaGoreAltMenuSecimi

2021-11-23 17:09:57 - [TEST_STEP][PASSED] - Method.TextDegerineEsitElementinAltindakiTextDegerineEsitOlanaTikla(findTestObject("Menu/Menu_Basligi"), findTestObject("Menu/Basliga_Gore_Alt_Menu"), Baslik, Alt_Menu): Method.TextDegerineEsitElementinAltindakiTextDegerineEsitOlanaTikla is PASSED

2021-11-23 17:09:57 - [MESSAGE][INFO] - Finding Test Object 'Object Repository/Menu/Menu_Basligi'

2021-11-23 17:09:57 - [MESSAGE][INFO] - Finding Test Object 'Object Repository/Menu/Basliga_Gore_Alt_Menu'

2021-11-23 17:09:57 - [MESSAGE][INFO] - Checking timeout

2021-11-23 17:09:57 - [MESSAGE][INFO] - Finding web element with id: 'Object Repository/Menu/Menu_Basligi' located by 'By.xpath: //li[@class='dropdown dropdown-large open']//li[@class='dropdown-header']' in '10' second(s)

2021-11-23 17:09:57 - [MESSAGE][INFO] - Smart Wait Function is triggered

2021-11-23 17:09:57 - [MESSAGE][INFO] - Found 2 web elements with id: 'Object Repository/Menu/Menu_Basligi' located by 'By.xpath: //li[@class='dropdown dropdown-large open']//li[@class='dropdown-header']' in '10' second(s)

2021-11-23 17:09:57 - [MESSAGE][INFO] - Smart Wait Function is triggered

2021-11-23 17:10:00 - [MESSAGE][PASSED] - Method.TextDegerineEsitElementinAltindakiTextDegerineEsitOlanaTikla is PASSED

2021-11-23 17:10:00 - [MESSAGE][PASSED] - Call Test Case 'Test Cases/Menu/BasligaGoreAltMenuSecimi' successfully

2021-11-23 17:10:00 - [MESSAGE][INFO] - Checking called Test Case

2021-11-23 17:10:00 - [MESSAGE][INFO] - Starting to call Test Case 'Test Cases/Filtreler/FiltreVarMi'

2021-11-23 17:10:00 - [TEST_CASE][PASSED] - Test Cases/Filtreler/FiltreVarMi: Test Cases/Filtreler/FiltreVarMi

2021-11-23 17:10:00 - [TEST_STEP][PASSED] - Method.TextDegerineEsitElementVarMi(findTestObject("Filtreler/Basliklar"), Filtre_alan): Method.TextDegerineEsitElementVarMi is PASSED

2021-11-23 17:10:00 - [MESSAGE][INFO] - Finding Test Object 'Object Repository/Filtreler/Basliklar'

2021-11-23 17:10:00 - [MESSAGE][INFO] - Checking timeout

2021-11-23 17:10:00 - [MESSAGE][INFO] - Finding web element with id: 'Object Repository/Filtreler/Basliklar' located by 'By.cssSelector: .control-label.col-sm-4.paddingMarginRLC' in '10' second(s)

2021-11-23 17:10:00 - [MESSAGE][INFO] - Smart Wait Function is triggered

2021-11-23 17:10:01 - [MESSAGE][INFO] - Found 6 web elements with id: 'Object Repository/Filtreler/Basliklar' located by 'By.cssSelector: .control-label.col-sm-4.paddingMarginRLC' in '10' second(s)

2021-11-23 17:10:01 - [MESSAGE][PASSED] - Method.TextDegerineEsitElementVarMi is PASSED

2021-11-23 17:10:01 - [MESSAGE][PASSED] - Call Test Case 'Test Cases/Filtreler/FiltreVarMi' successfully

2021-11-23 17:10:01 - [MESSAGE][INFO] - Checking called Test Case

2021-11-23 17:10:01 - [MESSAGE][INFO] - Starting to call Test Case 'Test Cases/Filtreler/FiltreVarMi'

2021-11-23 17:10:01 - [TEST_CASE][PASSED] - Test Cases/Filtreler/FiltreVarMi: Test Cases/Filtreler/FiltreVarMi

2021-11-23 17:10:01 - [TEST_STEP][PASSED] - Method.TextDegerineEsitElementVarMi(findTestObject("Filtreler/Basliklar"), Filtre_alan): Method.TextDegerineEsitElementVarMi is PASSED

2021-11-23 17:10:01 - [MESSAGE][INFO] - Finding Test Object 'Object Repository/Filtreler/Basliklar'

2021-11-23 17:10:01 - [MESSAGE][INFO] - Checking timeout

2021-11-23 17:10:01 - [MESSAGE][INFO] - Finding web element with id: 'Object Repository/Filtreler/Basliklar' located by 'By.cssSelector: .control-label.col-sm-4.paddingMarginRLC' in '10' second(s)

2021-11-23 17:10:01 - [MESSAGE][INFO] - Smart Wait Function is triggered

2021-11-23 17:10:01 - [MESSAGE][INFO] - Found 6 web elements with id: 'Object Repository/Filtreler/Basliklar' located by 'By.cssSelector: .control-label.col-sm-4.paddingMarginRLC' in '10' second(s)

2021-11-23 17:10:01 - [MESSAGE][PASSED] - Method.TextDegerineEsitElementVarMi is PASSED

2021-11-23 17:10:01 - [MESSAGE][PASSED] - Call Test Case 'Test Cases/Filtreler/FiltreVarMi' successfully

2021-11-23 17:10:01 - [MESSAGE][INFO] - Checking called Test Case

2021-11-23 17:10:01 - [MESSAGE][INFO] - Starting to call Test Case 'Test Cases/Filtreler/FiltreVarMi'

2021-11-23 17:10:01 - [TEST_CASE][PASSED] - Test Cases/Filtreler/FiltreVarMi: Test Cases/Filtreler/FiltreVarMi

2021-11-23 17:10:01 - [TEST_STEP][PASSED] - Method.TextDegerineEsitElementVarMi(findTestObject("Filtreler/Basliklar"), Filtre_alan): Method.TextDegerineEsitElementVarMi is PASSED

2021-11-23 17:10:01 - [MESSAGE][INFO] - Finding Test Object 'Object Repository/Filtreler/Basliklar'

2021-11-23 17:10:01 - [MESSAGE][INFO] - Checking timeout

2021-11-23 17:10:01 - [MESSAGE][INFO] - Finding web element with id: 'Object Repository/Filtreler/Basliklar' located by 'By.cssSelector: .control-label.col-sm-4.paddingMarginRLC' in '10' second(s)

2021-11-23 17:10:01 - [MESSAGE][INFO] - Smart Wait Function is triggered

2021-11-23 17:10:02 - [MESSAGE][INFO] - Found 6 web elements with id: 'Object Repository/Filtreler/Basliklar' located by 'By.cssSelector: .control-label.col-sm-4.paddingMarginRLC' in '10' second(s)

2021-11-23 17:10:02 - [MESSAGE][PASSED] - Method.TextDegerineEsitElementVarMi is PASSED

2021-11-23 17:10:02 - [MESSAGE][PASSED] - Call Test Case 'Test Cases/Filtreler/FiltreVarMi' successfully

2021-11-23 17:10:02 - [MESSAGE][INFO] - Checking called Test Case

2021-11-23 17:10:02 - [MESSAGE][INFO] - Starting to call Test Case 'Test Cases/Filtreler/FiltreVarMi'

2021-11-23 17:10:02 - [TEST_CASE][PASSED] - Test Cases/Filtreler/FiltreVarMi: Test Cases/Filtreler/FiltreVarMi

2021-11-23 17:10:02 - [TEST_STEP][PASSED] - Method.TextDegerineEsitElementVarMi(findTestObject("Filtreler/Basliklar"), Filtre_alan): Method.TextDegerineEsitElementVarMi is PASSED

2021-11-23 17:10:02 - [MESSAGE][INFO] - Finding Test Object 'Object Repository/Filtreler/Basliklar'

2021-11-23 17:10:02 - [MESSAGE][INFO] - Checking timeout

2021-11-23 17:10:02 - [MESSAGE][INFO] - Finding web element with id: 'Object Repository/Filtreler/Basliklar' located by 'By.cssSelector: .control-label.col-sm-4.paddingMarginRLC' in '10' second(s)

2021-11-23 17:10:02 - [MESSAGE][INFO] - Smart Wait Function is triggered

2021-11-23 17:10:02 - [MESSAGE][INFO] - Found 6 web elements with id: 'Object Repository/Filtreler/Basliklar' located by 'By.cssSelector: .control-label.col-sm-4.paddingMarginRLC' in '10' second(s)

2021-11-23 17:10:02 - [MESSAGE][PASSED] - Method.TextDegerineEsitElementVarMi is PASSED

2021-11-23 17:10:02 - [MESSAGE][PASSED] - Call Test Case 'Test Cases/Filtreler/FiltreVarMi' successfully

2021-11-23 17:10:02 - [MESSAGE][INFO] - Checking called Test Case

2021-11-23 17:10:02 - [MESSAGE][INFO] - Starting to call Test Case 'Test Cases/Filtreler/FiltreVarMi'

2021-11-23 17:10:02 - [TEST_CASE][PASSED] - Test Cases/Filtreler/FiltreVarMi: Test Cases/Filtreler/FiltreVarMi

2021-11-23 17:10:02 - [TEST_STEP][PASSED] - Method.TextDegerineEsitElementVarMi(findTestObject("Filtreler/Basliklar"), Filtre_alan): Method.TextDegerineEsitElementVarMi is PASSED

2021-11-23 17:10:02 - [MESSAGE][INFO] - Finding Test Object 'Object Repository/Filtreler/Basliklar'

2021-11-23 17:10:02 - [MESSAGE][INFO] - Checking timeout

2021-11-23 17:10:02 - [MESSAGE][INFO] - Finding web element with id: 'Object Repository/Filtreler/Basliklar' located by 'By.cssSelector: .control-label.col-sm-4.paddingMarginRLC' in '10' second(s)

2021-11-23 17:10:02 - [MESSAGE][INFO] - Smart Wait Function is triggered

2021-11-23 17:10:02 - [MESSAGE][INFO] - Found 6 web elements with id: 'Object Repository/Filtreler/Basliklar' located by 'By.cssSelector: .control-label.col-sm-4.paddingMarginRLC' in '10' second(s)

2021-11-23 17:10:03 - [MESSAGE][PASSED] - Method.TextDegerineEsitElementVarMi is PASSED

2021-11-23 17:10:03 - [MESSAGE][PASSED] - Call Test Case 'Test Cases/Filtreler/FiltreVarMi' successfully

2021-11-23 17:10:03 - [MESSAGE][INFO] - Checking called Test Case

2021-11-23 17:10:03 - [MESSAGE][INFO] - Starting to call Test Case 'Test Cases/Filtreler/ButonVarMi'

2021-11-23 17:10:03 - [TEST_CASE][PASSED] - Test Cases/Filtreler/ButonVarMi: Test Cases/Filtreler/ButonVarMi

2021-11-23 17:10:03 - [TEST_STEP][PASSED] - Method.TextDegerineEsitElementVarMi(findTestObject("Filtreler/Butonlar"), Filtre_Buton): Method.TextDegerineEsitElementVarMi is PASSED

2021-11-23 17:10:03 - [MESSAGE][INFO] - Finding Test Object 'Object Repository/Filtreler/Butonlar'

2021-11-23 17:10:03 - [MESSAGE][INFO] - Checking timeout

2021-11-23 17:10:03 - [MESSAGE][INFO] - Finding web element with id: 'Object Repository/Filtreler/Butonlar' located by 'By.cssSelector: .dxb>span' in '10' second(s)

2021-11-23 17:10:03 - [MESSAGE][INFO] - Smart Wait Function is triggered

2021-11-23 17:10:04 - [MESSAGE][INFO] - Found 2 web elements with id: 'Object Repository/Filtreler/Butonlar' located by 'By.cssSelector: .dxb>span' in '10' second(s)

2021-11-23 17:10:04 - [MESSAGE][PASSED] - Method.TextDegerineEsitElementVarMi is PASSED

2021-11-23 17:10:04 - [MESSAGE][PASSED] - Call Test Case 'Test Cases/Filtreler/ButonVarMi' successfully

2021-11-23 17:10:04 - [MESSAGE][INFO] - Checking called Test Case

2021-11-23 17:10:04 - [MESSAGE][INFO] - Starting to call Test Case 'Test Cases/Filtreler/ButonVarMi'

2021-11-23 17:10:04 - [TEST_CASE][PASSED] - Test Cases/Filtreler/ButonVarMi: Test Cases/Filtreler/ButonVarMi

2021-11-23 17:10:04 - [TEST_STEP][PASSED] - Method.TextDegerineEsitElementVarMi(findTestObject("Filtreler/Butonlar"), Filtre_Buton): Method.TextDegerineEsitElementVarMi is PASSED

2021-11-23 17:10:04 - [MESSAGE][INFO] - Finding Test Object 'Object Repository/Filtreler/Butonlar'

2021-11-23 17:10:04 - [MESSAGE][INFO] - Checking timeout

2021-11-23 17:10:04 - [MESSAGE][INFO] - Finding web element with id: 'Object Repository/Filtreler/Butonlar' located by 'By.cssSelector: .dxb>span' in '10' second(s)

2021-11-23 17:10:04 - [MESSAGE][INFO] - Smart Wait Function is triggered

2021-11-23 17:10:04 - [MESSAGE][INFO] - Found 2 web elements with id: 'Object Repository/Filtreler/Butonlar' located by 'By.cssSelector: .dxb>span' in '10' second(s)

2021-11-23 17:10:04 - [MESSAGE][PASSED] - Method.TextDegerineEsitElementVarMi is PASSED

2021-11-23 17:10:04 - [MESSAGE][PASSED] - Call Test Case 'Test Cases/Filtreler/ButonVarMi' successfully

2021-11-23 17:10:04 - [MESSAGE][INFO] - Checking called Test Case

2021-11-23 17:10:04 - [MESSAGE][INFO] - Starting to call Test Case 'Test Cases/Butonlar/ButonVarMi'

2021-11-23 17:10:04 - [TEST_CASE][PASSED] - Test Cases/Butonlar/ButonVarMi: Test Cases/Butonlar/ButonVarMi

2021-11-23 17:10:05 - [TEST_STEP][PASSED] - Method.TextDegerineEsitElementVarMi(findTestObject("Butonlar/Butonlar"), Buton): Method.TextDegerineEsitElementVarMi is PASSED

2021-11-23 17:10:05 - [MESSAGE][INFO] - Finding Test Object 'Object Repository/Butonlar/Butonlar'

2021-11-23 17:10:05 - [MESSAGE][INFO] - Checking timeout

2021-11-23 17:10:05 - [MESSAGE][INFO] - Finding web element with id: 'Object Repository/Butonlar/Butonlar' located by 'By.cssSelector: .panel.panel-default.text-center.footerPanel .btn,.btn.btn-primary.btnControls' in '10' second(s)

2021-11-23 17:10:05 - [MESSAGE][INFO] - Smart Wait Function is triggered

2021-11-23 17:10:05 - [MESSAGE][INFO] - Found 4 web elements with id: 'Object Repository/Butonlar/Butonlar' located by 'By.cssSelector: .panel.panel-default.text-center.footerPanel .btn,.btn.btn-primary.btnControls' in '10' second(s)

2021-11-23 17:10:05 - [MESSAGE][PASSED] - Method.TextDegerineEsitElementVarMi is PASSED

2021-11-23 17:10:05 - [MESSAGE][PASSED] - Call Test Case 'Test Cases/Butonlar/ButonVarMi' successfully

2021-11-23 17:10:05 - [MESSAGE][INFO] - Checking called Test Case

2021-11-23 17:10:05 - [MESSAGE][INFO] - Starting to call Test Case 'Test Cases/Butonlar/ButonVarMi'

2021-11-23 17:10:05 - [TEST_CASE][PASSED] - Test Cases/Butonlar/ButonVarMi: Test Cases/Butonlar/ButonVarMi

2021-11-23 17:10:05 - [TEST_STEP][PASSED] - Method.TextDegerineEsitElementVarMi(findTestObject("Butonlar/Butonlar"), Buton): Method.TextDegerineEsitElementVarMi is PASSED

2021-11-23 17:10:05 - [MESSAGE][INFO] - Finding Test Object 'Object Repository/Butonlar/Butonlar'

2021-11-23 17:10:05 - [MESSAGE][INFO] - Checking timeout

2021-11-23 17:10:05 - [MESSAGE][INFO] - Finding web element with id: 'Object Repository/Butonlar/Butonlar' located by 'By.cssSelector: .panel.panel-default.text-center.footerPanel .btn,.btn.btn-primary.btnControls' in '10' second(s)

2021-11-23 17:10:05 - [MESSAGE][INFO] - Smart Wait Function is triggered

2021-11-23 17:10:06 - [MESSAGE][INFO] - Found 4 web elements with id: 'Object Repository/Butonlar/Butonlar' located by 'By.cssSelector: .panel.panel-default.text-center.footerPanel .btn,.btn.btn-primary.btnControls' in '10' second(s)

2021-11-23 17:10:06 - [MESSAGE][PASSED] - Method.TextDegerineEsitElementVarMi is PASSED

2021-11-23 17:10:06 - [MESSAGE][PASSED] - Call Test Case 'Test Cases/Butonlar/ButonVarMi' successfully

2021-11-23 17:10:06 - [MESSAGE][INFO] - Checking called Test Case

2021-11-23 17:10:06 - [MESSAGE][INFO] - Starting to call Test Case 'Test Cases/Butonlar/ButonVarMi'

2021-11-23 17:10:06 - [TEST_CASE][PASSED] - Test Cases/Butonlar/ButonVarMi: Test Cases/Butonlar/ButonVarMi

2021-11-23 17:10:06 - [TEST_STEP][PASSED] - Method.TextDegerineEsitElementVarMi(findTestObject("Butonlar/Butonlar"), Buton): Method.TextDegerineEsitElementVarMi is PASSED

2021-11-23 17:10:06 - [MESSAGE][INFO] - Finding Test Object 'Object Repository/Butonlar/Butonlar'

2021-11-23 17:10:06 - [MESSAGE][INFO] - Checking timeout

2021-11-23 17:10:06 - [MESSAGE][INFO] - Finding web element with id: 'Object Repository/Butonlar/Butonlar' located by 'By.cssSelector: .panel.panel-default.text-center.footerPanel .btn,.btn.btn-primary.btnControls' in '10' second(s)

2021-11-23 17:10:06 - [MESSAGE][INFO] - Smart Wait Function is triggered

2021-11-23 17:10:06 - [MESSAGE][INFO] - Found 4 web elements with id: 'Object Repository/Butonlar/Butonlar' located by 'By.cssSelector: .panel.panel-default.text-center.footerPanel .btn,.btn.btn-primary.btnControls' in '10' second(s)

2021-11-23 17:10:06 - [MESSAGE][PASSED] - Method.TextDegerineEsitElementVarMi is PASSED

2021-11-23 17:10:06 - [MESSAGE][PASSED] - Call Test Case 'Test Cases/Butonlar/ButonVarMi' successfully

2021-11-23 17:10:06 - [MESSAGE][INFO] - Checking called Test Case

2021-11-23 17:10:06 - [MESSAGE][INFO] - Starting to call Test Case 'Test Cases/Butonlar/ButonVarMi'

2021-11-23 17:10:06 - [TEST_CASE][PASSED] - Test Cases/Butonlar/ButonVarMi: Test Cases/Butonlar/ButonVarMi

2021-11-23 17:10:06 - [TEST_STEP][PASSED] - Method.TextDegerineEsitElementVarMi(findTestObject("Butonlar/Butonlar"), Buton): Method.TextDegerineEsitElementVarMi is PASSED

2021-11-23 17:10:06 - [MESSAGE][INFO] - Finding Test Object 'Object Repository/Butonlar/Butonlar'

2021-11-23 17:10:06 - [MESSAGE][INFO] - Checking timeout

2021-11-23 17:10:06 - [MESSAGE][INFO] - Finding web element with id: 'Object Repository/Butonlar/Butonlar' located by 'By.cssSelector: .panel.panel-default.text-center.footerPanel .btn,.btn.btn-primary.btnControls' in '10' second(s)

2021-11-23 17:10:06 - [MESSAGE][INFO] - Smart Wait Function is triggered

2021-11-23 17:10:06 - [MESSAGE][INFO] - Found 4 web elements with id: 'Object Repository/Butonlar/Butonlar' located by 'By.cssSelector: .panel.panel-default.text-center.footerPanel .btn,.btn.btn-primary.btnControls' in '10' second(s)

2021-11-23 17:10:07 - [MESSAGE][PASSED] - Method.TextDegerineEsitElementVarMi is PASSED

2021-11-23 17:10:07 - [MESSAGE][PASSED] - Call Test Case 'Test Cases/Butonlar/ButonVarMi' successfully

2021-11-23 17:10:07 - [MESSAGE][INFO] - Checking called Test Case

2021-11-23 17:10:07 - [MESSAGE][INFO] - Starting to call Test Case 'Test Cases/Kullanici_Islemleri/KullaniciIslemlerindenSecimYapilir'

2021-11-23 17:10:07 - [TEST_CASE][PASSED] - Test Cases/Kullanici_Islemleri/KullaniciIslemlerindenSecimYapilir: Test Cases/Kullanici_Islemleri/KullaniciIslemlerindenSecimYapilir

2021-11-23 17:10:07 - [TEST_STEP][PASSED] - waitForElementClickable(findTestObject("Object Repository/Kullanici_Islemleri/KullaniciIslemleri"), 10): Object 'Object Repository/Kullanici_Islemleri/KullaniciIslemleri' is clickable

2021-11-23 17:10:07 - [MESSAGE][INFO] - Finding Test Object 'Object Repository/Kullanici_Islemleri/KullaniciIslemleri'

2021-11-23 17:10:07 - [MESSAGE][INFO] - Checking object

2021-11-23 17:10:07 - [MESSAGE][INFO] - Checking timeout

2021-11-23 17:10:07 - [MESSAGE][INFO] - Finding web element from Test Object's properties

2021-11-23 17:10:07 - [MESSAGE][INFO] - Checking timeout

2021-11-23 17:10:07 - [MESSAGE][INFO] - Finding web element with id: 'Object Repository/Kullanici_Islemleri/KullaniciIslemleri' located by 'By.cssSelector: .dropdown>a>img' in '10' second(s)

2021-11-23 17:10:07 - [MESSAGE][INFO] - Smart Wait Function is triggered

2021-11-23 17:10:07 - [MESSAGE][INFO] - Found 1 web elements with id: 'Object Repository/Kullanici_Islemleri/KullaniciIslemleri' located by 'By.cssSelector: .dropdown>a>img' in '10' second(s)

2021-11-23 17:10:07 - [MESSAGE][PASSED] - Object 'Object Repository/Kullanici_Islemleri/KullaniciIslemleri' is clickable

2021-11-23 17:10:07 - [TEST_STEP][PASSED] - click(findTestObject("Object Repository/Kullanici_Islemleri/KullaniciIslemleri")): Object: 'Object Repository/Kullanici_Islemleri/KullaniciIslemleri' is clicked on

2021-11-23 17:10:07 - [MESSAGE][INFO] - Finding Test Object 'Object Repository/Kullanici_Islemleri/KullaniciIslemleri'

2021-11-23 17:10:08 - [MESSAGE][INFO] - Checking object

2021-11-23 17:10:08 - [MESSAGE][INFO] - Finding web element from Test Object's properties

2021-11-23 17:10:08 - [MESSAGE][INFO] - Checking timeout

2021-11-23 17:10:08 - [MESSAGE][INFO] - Finding web element with id: 'Object Repository/Kullanici_Islemleri/KullaniciIslemleri' located by 'By.cssSelector: .dropdown>a>img' in '30' second(s)

2021-11-23 17:10:08 - [MESSAGE][INFO] - Smart Wait Function is triggered

2021-11-23 17:10:08 - [MESSAGE][INFO] - Found 1 web elements with id: 'Object Repository/Kullanici_Islemleri/KullaniciIslemleri' located by 'By.cssSelector: .dropdown>a>img' in '30' second(s)

2021-11-23 17:10:08 - [MESSAGE][INFO] - Clicking on object: 'Object Repository/Kullanici_Islemleri/KullaniciIslemleri'

2021-11-23 17:10:08 - [MESSAGE][PASSED] - Object: 'Object Repository/Kullanici_Islemleri/KullaniciIslemleri' is clicked on

2021-11-23 17:10:08 - [TEST_STEP][PASSED] - Method.TextDegerineEsitElementeTikla(findTestObject("Object Repository/Kullanici_Islemleri/Secenekler"), Islem): Method.TextDegerineEsitElementeTikla is PASSED

2021-11-23 17:10:08 - [MESSAGE][INFO] - Finding Test Object 'Object Repository/Kullanici_Islemleri/Secenekler'

2021-11-23 17:10:08 - [MESSAGE][INFO] - Checking timeout

2021-11-23 17:10:08 - [MESSAGE][INFO] - Finding web element with id: 'Object Repository/Kullanici_Islemleri/Secenekler' located by 'By.cssSelector: .nav.navbar-nav.navbar-right li a' in '10' second(s)

2021-11-23 17:10:08 - [MESSAGE][INFO] - Smart Wait Function is triggered

2021-11-23 17:10:08 - [MESSAGE][INFO] - Found 22 web elements with id: 'Object Repository/Kullanici_Islemleri/Secenekler' located by 'By.cssSelector: .nav.navbar-nav.navbar-right li a' in '10' second(s)

2021-11-23 17:10:10 - [MESSAGE][PASSED] - Method.TextDegerineEsitElementeTikla is PASSED

2021-11-23 17:10:10 - [TEST_STEP][PASSED] - verifyElementNotPresent(findTestObject("Object Repository/Kullanici_Islemleri/Secenekler"), 10): Web element with id: 'Object Repository/Kullanici_Islemleri/Secenekler' located by 'By.cssSelector: .nav.navbar-nav.navbar-right li a' is not present after '10' second(s)

2021-11-23 17:10:10 - [MESSAGE][INFO] - Finding Test Object 'Object Repository/Kullanici_Islemleri/Secenekler'

2021-11-23 17:10:10 - [MESSAGE][INFO] - Checking object

2021-11-23 17:10:10 - [MESSAGE][INFO] - Checking timeout

2021-11-23 17:10:11 - [MESSAGE][INFO] - Finding web element with id: 'Object Repository/Kullanici_Islemleri/Secenekler' located by 'By.cssSelector: .nav.navbar-nav.navbar-right li a' in '10' second(s)

2021-11-23 17:10:11 - [MESSAGE][INFO] - Smart Wait Function is triggered

2021-11-23 17:10:11 - [MESSAGE][PASSED] - Web element with id: 'Object Repository/Kullanici_Islemleri/Secenekler' located by 'By.cssSelector: .nav.navbar-nav.navbar-right li a' is not present after '10' second(s)

2021-11-23 17:10:11 - [MESSAGE][PASSED] - Call Test Case 'Test Cases/Kullanici_Islemleri/KullaniciIslemlerindenSecimYapilir' successfully

2021-11-23 17:10:11 - [TEST_CASE][PASSED] - Start Test Case : SCENARIO Adres Defteri Buton Kontrolu: SCENARIO Adres Defteri Buton Kontrolu

2021-11-23 17:10:11 - [TEST_STEP][PASSED] - Kullanıcı adı ELOGO6 ve Şifre 123456 olarak giriş yapılır: Kullanıcı adı ELOGO6 ve Şifre 123456 olarak giriş yapılır

2021-11-23 17:10:11 - [MESSAGE][PASSED] - Kullanıcı adı ELOGO6 ve Şifre 123456 olarak giriş yapılır

2021-11-23 17:10:11 - [TEST_STEP][PASSED] - Ana menüden Ayarlar seçilir: Ana menüden Ayarlar seçilir

2021-11-23 17:10:11 - [MESSAGE][PASSED] - Ana menüden Ayarlar seçilir

2021-11-23 17:10:11 - [TEST_STEP][PASSED] - Alt menü Araçlar başlığı altındaki Adres Defteri seçilir: Alt menü Araçlar başlığı altındaki Adres Defteri seçilir

2021-11-23 17:10:11 - [MESSAGE][PASSED] - Alt menü Araçlar başlığı altındaki Adres Defteri seçilir

2021-11-23 17:10:11 - [TEST_STEP][PASSED] - Filtre alanlarında Kısaltma var mı: Filtre alanlarında Kısaltma var mı

2021-11-23 17:10:11 - [MESSAGE][PASSED] - Filtre alanlarında Kısaltma var mı

2021-11-23 17:10:11 - [TEST_STEP][PASSED] - Filtre alanlarında Adı var mı: Filtre alanlarında Adı var mı

2021-11-23 17:10:11 - [MESSAGE][PASSED] - Filtre alanlarında Adı var mı

2021-11-23 17:10:11 - [TEST_STEP][PASSED] - Filtre alanlarında Unvan var mı: Filtre alanlarında Unvan var mı

2021-11-23 17:10:11 - [MESSAGE][PASSED] - Filtre alanlarında Unvan var mı

2021-11-23 17:10:11 - [TEST_STEP][PASSED] - Filtre alanlarında Soyadı var mı: Filtre alanlarında Soyadı var mı

2021-11-23 17:10:11 - [MESSAGE][PASSED] - Filtre alanlarında Soyadı var mı

2021-11-23 17:10:11 - [TEST_STEP][PASSED] - Filtre alanlarında VKN/TCKN No var mı: Filtre alanlarında VKN/TCKN No var mı

2021-11-23 17:10:11 - [MESSAGE][PASSED] - Filtre alanlarında VKN/TCKN No var mı

2021-11-23 17:10:11 - [TEST_STEP][PASSED] - Filtre butonlarında Listele var mı: Filtre butonlarında Listele var mı

2021-11-23 17:10:11 - [MESSAGE][PASSED] - Filtre butonlarında Listele var mı

2021-11-23 17:10:11 - [TEST_STEP][PASSED] - Filtre butonlarında Temizle var mı: Filtre butonlarında Temizle var mı

2021-11-23 17:10:11 - [MESSAGE][PASSED] - Filtre butonlarında Temizle var mı

2021-11-23 17:10:11 - [TEST_STEP][PASSED] - Butonlardan Ekle var mı: Butonlardan Ekle var mı

2021-11-23 17:10:11 - [MESSAGE][PASSED] - Butonlardan Ekle var mı

2021-11-23 17:10:11 - [TEST_STEP][PASSED] - Butonlardan Değiştir var mı: Butonlardan Değiştir var mı

2021-11-23 17:10:11 - [MESSAGE][PASSED] - Butonlardan Değiştir var mı

2021-11-23 17:10:11 - [TEST_STEP][PASSED] - Butonlardan Durum Değiştir var mı: Butonlardan Durum Değiştir var mı

2021-11-23 17:10:11 - [MESSAGE][PASSED] - Butonlardan Durum Değiştir var mı

2021-11-23 17:10:11 - [TEST_STEP][PASSED] - Butonlardan Yükle var mı: Butonlardan Yükle var mı

2021-11-23 17:10:11 - [MESSAGE][PASSED] - Butonlardan Yükle var mı

2021-11-23 17:10:11 - [TEST_STEP][PASSED] - Kullanıcı işlemlerinden Çıkış seçilir: Kullanıcı işlemlerinden Çıkış seçilir

2021-11-23 17:10:11 - [MESSAGE][PASSED] - Kullanıcı işlemlerinden Çıkış seçilir

2021-11-23 17:10:11 - [MESSAGE][PASSED] - Feature file: 'Include/features/Ayarlar/Araclar/Adres Defteri/Buton Kontrolu.feature' was passed

2021-11-23 17:10:11 - [TEST_STEP][PASSED] - Start listener action : sampleAfterTestSuite: Invoke 'com.kms.katalon.core.annotation.AfterTestCase' method: 'Listener.sampleAfterTestSuite(...)' completed.

2021-11-23 17:10:11 - [MESSAGE][INFO] - Starting invoke 'com.kms.katalon.core.annotation.AfterTestCase' method: 'Listener.sampleAfterTestSuite(...)'

2021-11-23 17:10:11 - [TEST_STEP][PASSED] - closeBrowser(): Invoke 'com.kms.katalon.core.annotation.AfterTestCase' method: 'Listener.sampleAfterTestSuite(...)' completed.

2021-11-23 17:10:11 - [MESSAGE][INFO] - Closing browser

2021-11-23 17:10:12 - [MESSAGE][PASSED] - Browser is closed

2021-11-23 17:10:12 - [MESSAGE][INFO] - Invoke 'com.kms.katalon.core.annotation.AfterTestCase' method: 'Listener.sampleAfterTestSuite(...)' completed.]]></system-out>
         <system-err><![CDATA[]]></system-err>
      </testcase>
      <testcase name="Test Cases/Case Repository/Ayarlar/Araclar/Adres Defteri/Ekle" time="55.657" classname="Test Cases/Case Repository/Ayarlar/Araclar/Adres Defteri/Ekle" status="PASSED">
         <system-out><![CDATA[2021-11-23 17:10:12 - [TEST_CASE][PASSED] - Test Cases/Case Repository/Ayarlar/Araclar/Adres Defteri/Ekle: Test Cases/Case Repository/Ayarlar/Araclar/Adres Defteri/Ekle

2021-11-23 17:10:12 - [TEST_STEP][PASSED] - Start listener action : sampleBeforeTestSuite: Invoke 'com.kms.katalon.core.annotation.BeforeTestCase' method: 'Listener.sampleBeforeTestSuite(...)' completed.

2021-11-23 17:10:12 - [MESSAGE][INFO] - Starting invoke 'com.kms.katalon.core.annotation.BeforeTestCase' method: 'Listener.sampleBeforeTestSuite(...)'

2021-11-23 17:10:12 - [TEST_STEP][PASSED] - openBrowser(baseUrl): Browser is opened with url: 'https://efatura-stage.elogo.com.tr/'

2021-11-23 17:10:12 - [MESSAGE][INFO] - Opening browser

2021-11-23 17:10:12 - [MESSAGE][INFO] - Starting 'Chrome' driver

2021-11-23 17:10:12 - [MESSAGE][INFO] - User set preference: ['prefs', '{download.default_directory=C:\otomasyondownfiles}']

2021-11-23 17:10:12 - [MESSAGE][INFO] - Action delay is set to 0 milliseconds

2021-11-23 17:10:13 - [MESSAGE][INFO] - Navigating browser to: 'https://efatura-stage.elogo.com.tr/'

2021-11-23 17:10:17 - [MESSAGE][PASSED] - Browser is opened with url: 'https://efatura-stage.elogo.com.tr/'

2021-11-23 17:10:17 - [TEST_STEP][PASSED] - maximizeWindow(): Invoke 'com.kms.katalon.core.annotation.BeforeTestCase' method: 'Listener.sampleBeforeTestSuite(...)' completed.

2021-11-23 17:10:17 - [MESSAGE][INFO] - Maximizing current window

2021-11-23 17:10:17 - [MESSAGE][PASSED] - Current window maximized

2021-11-23 17:10:17 - [MESSAGE][INFO] - Invoke 'com.kms.katalon.core.annotation.BeforeTestCase' method: 'Listener.sampleBeforeTestSuite(...)' completed.

2021-11-23 17:10:17 - [TEST_STEP][PASSED] - runFeatureFile("Include/features/Ayarlar/Araclar/Adres Defteri/Ekle.feature"): Feature file: 'Include/features/Ayarlar/Araclar/Adres Defteri/Ekle.feature' was passed

2021-11-23 17:10:17 - [MESSAGE][INFO] - Starting run keyword runFeatureFile: 'Include/features/Ayarlar/Araclar/Adres Defteri/Ekle.feature' and extract report to folder: 'C:\Users\DELL\Documents\GitHub\EES_KatalonLogo\Reports\20211123_163326\Suite Repository\Ayarlar\20211123_163427/cucumber_report/1637676617733'...

2021-11-23 17:10:17 - [MESSAGE][INFO] - Glue: []

2021-11-23 17:10:20 - [MESSAGE][INFO] - Checking called Test Case

2021-11-23 17:10:20 - [MESSAGE][INFO] - Starting to call Test Case 'Test Cases/Sayfalar/Giris_Sayfasi/Login'

2021-11-23 17:10:20 - [TEST_CASE][PASSED] - Test Cases/Sayfalar/Giris_Sayfasi/Login: Test Cases/Sayfalar/Giris_Sayfasi/Login

2021-11-23 17:10:20 - [TEST_STEP][PASSED] - Sayfa_Basligi = getWindowTitle(): Current window's title is: 'LOGO e-Fatura'

2021-11-23 17:10:20 - [MESSAGE][INFO] - Getting current window's title

2021-11-23 17:10:20 - [MESSAGE][PASSED] - Current window's title is: 'LOGO e-Fatura'

2021-11-23 17:10:20 - [TEST_STEP][PASSED] - verifyMatch(Sayfa_Basligi, "LOGO e-Fatura", false): Actual text 'LOGO e-Fatura' and expected text 'LOGO e-Fatura' are matched 

2021-11-23 17:10:20 - [MESSAGE][INFO] - Matching actual text 'LOGO e-Fatura' with expected text 'LOGO e-Fatura'

2021-11-23 17:10:20 - [MESSAGE][PASSED] - Actual text 'LOGO e-Fatura' and expected text 'LOGO e-Fatura' are matched 

2021-11-23 17:10:20 - [TEST_STEP][PASSED] - sendKeys(findTestObject("Sayfalar/Giris_Sayfasi/Firma_Kodu"), KullaniciAdi): Keys 'ELOGO6' sent to object: 'Object Repository/Sayfalar/Giris_Sayfasi/Firma_Kodu'

2021-11-23 17:10:20 - [MESSAGE][INFO] - Finding Test Object 'Object Repository/Sayfalar/Giris_Sayfasi/Firma_Kodu'

2021-11-23 17:10:20 - [MESSAGE][INFO] - Sending keys 'ELOGO6' to object: 'Object Repository/Sayfalar/Giris_Sayfasi/Firma_Kodu'

2021-11-23 17:10:20 - [MESSAGE][INFO] - Finding web element from Test Object's properties

2021-11-23 17:10:20 - [MESSAGE][INFO] - Checking timeout

2021-11-23 17:10:20 - [MESSAGE][INFO] - Finding web element with id: 'Object Repository/Sayfalar/Giris_Sayfasi/Firma_Kodu' located by 'By.xpath: //*[@id = 'AccountName']' in '30' second(s)

2021-11-23 17:10:20 - [MESSAGE][INFO] - Smart Wait Function is triggered

2021-11-23 17:10:20 - [MESSAGE][INFO] - Found 1 web elements with id: 'Object Repository/Sayfalar/Giris_Sayfasi/Firma_Kodu' located by 'By.xpath: //*[@id = 'AccountName']' in '30' second(s)

2021-11-23 17:10:20 - [MESSAGE][PASSED] - Keys 'ELOGO6' sent to object: 'Object Repository/Sayfalar/Giris_Sayfasi/Firma_Kodu'

2021-11-23 17:10:20 - [TEST_STEP][PASSED] - sendKeys(findTestObject("Sayfalar/Giris_Sayfasi/Sifre"), Sifre): Keys '123456' sent to object: 'Object Repository/Sayfalar/Giris_Sayfasi/Sifre'

2021-11-23 17:10:20 - [MESSAGE][INFO] - Finding Test Object 'Object Repository/Sayfalar/Giris_Sayfasi/Sifre'

2021-11-23 17:10:20 - [MESSAGE][INFO] - Sending keys '123456' to object: 'Object Repository/Sayfalar/Giris_Sayfasi/Sifre'

2021-11-23 17:10:20 - [MESSAGE][INFO] - Finding web element from Test Object's properties

2021-11-23 17:10:20 - [MESSAGE][INFO] - Checking timeout

2021-11-23 17:10:20 - [MESSAGE][INFO] - Finding web element with id: 'Object Repository/Sayfalar/Giris_Sayfasi/Sifre' located by 'By.xpath: //*[@id = 'Password']' in '30' second(s)

2021-11-23 17:10:20 - [MESSAGE][INFO] - Smart Wait Function is triggered

2021-11-23 17:10:21 - [MESSAGE][INFO] - Found 1 web elements with id: 'Object Repository/Sayfalar/Giris_Sayfasi/Sifre' located by 'By.xpath: //*[@id = 'Password']' in '30' second(s)

2021-11-23 17:10:21 - [MESSAGE][PASSED] - Keys '123456' sent to object: 'Object Repository/Sayfalar/Giris_Sayfasi/Sifre'

2021-11-23 17:10:21 - [TEST_STEP][PASSED] - findWebElement(findTestObject("Sayfalar/Giris_Sayfasi/Giris_Butonu")).click(): Found 1 web elements with id: 'Object Repository/Sayfalar/Giris_Sayfasi/Giris_Butonu' located by 'By.cssSelector: #btnLogin' in '30' second(s)

2021-11-23 17:10:21 - [MESSAGE][INFO] - Finding Test Object 'Object Repository/Sayfalar/Giris_Sayfasi/Giris_Butonu'

2021-11-23 17:10:21 - [MESSAGE][INFO] - Finding web element from Test Object's properties

2021-11-23 17:10:21 - [MESSAGE][INFO] - Checking timeout

2021-11-23 17:10:21 - [MESSAGE][INFO] - Finding web element with id: 'Object Repository/Sayfalar/Giris_Sayfasi/Giris_Butonu' located by 'By.cssSelector: #btnLogin' in '30' second(s)

2021-11-23 17:10:21 - [MESSAGE][INFO] - Smart Wait Function is triggered

2021-11-23 17:10:21 - [MESSAGE][INFO] - Found 1 web elements with id: 'Object Repository/Sayfalar/Giris_Sayfasi/Giris_Butonu' located by 'By.cssSelector: #btnLogin' in '30' second(s)

2021-11-23 17:10:24 - [TEST_STEP][PASSED] - if (verifyElementPresent(findTestObject("Object Repository/Sayfalar/Giris_Sayfasi/RetveTamam_Butonu"), 5, OPTIONAL)): null

2021-11-23 17:10:24 - [MESSAGE][INFO] - Finding Test Object 'Object Repository/Sayfalar/Giris_Sayfasi/RetveTamam_Butonu'

2021-11-23 17:10:24 - [MESSAGE][INFO] - Checking object

2021-11-23 17:10:24 - [MESSAGE][INFO] - Finding web element from Test Object's properties

2021-11-23 17:10:24 - [MESSAGE][INFO] - Checking timeout

2021-11-23 17:10:24 - [MESSAGE][INFO] - Finding web element with id: 'Object Repository/Sayfalar/Giris_Sayfasi/RetveTamam_Butonu' located by 'By.xpath: //*[@class = 'btn btn-default']' in '5' second(s)

2021-11-23 17:10:24 - [MESSAGE][INFO] - Smart Wait Function is triggered

2021-11-23 17:10:24 - [MESSAGE][INFO] - Found 1 web elements with id: 'Object Repository/Sayfalar/Giris_Sayfasi/RetveTamam_Butonu' located by 'By.xpath: //*[@class = 'btn btn-default']' in '5' second(s)

2021-11-23 17:10:24 - [MESSAGE][PASSED] - Object 'Object Repository/Sayfalar/Giris_Sayfasi/RetveTamam_Butonu' is present

2021-11-23 17:10:24 - [TEST_STEP][PASSED] - click(findTestObject("Object Repository/Sayfalar/Giris_Sayfasi/RetveTamam_Butonu")): Object: 'Object Repository/Sayfalar/Giris_Sayfasi/RetveTamam_Butonu' is clicked on

2021-11-23 17:10:24 - [MESSAGE][INFO] - Finding Test Object 'Object Repository/Sayfalar/Giris_Sayfasi/RetveTamam_Butonu'

2021-11-23 17:10:24 - [MESSAGE][INFO] - Checking object

2021-11-23 17:10:24 - [MESSAGE][INFO] - Finding web element from Test Object's properties

2021-11-23 17:10:24 - [MESSAGE][INFO] - Checking timeout

2021-11-23 17:10:24 - [MESSAGE][INFO] - Finding web element with id: 'Object Repository/Sayfalar/Giris_Sayfasi/RetveTamam_Butonu' located by 'By.xpath: //*[@class = 'btn btn-default']' in '30' second(s)

2021-11-23 17:10:24 - [MESSAGE][INFO] - Smart Wait Function is triggered

2021-11-23 17:10:24 - [MESSAGE][INFO] - Found 1 web elements with id: 'Object Repository/Sayfalar/Giris_Sayfasi/RetveTamam_Butonu' located by 'By.xpath: //*[@class = 'btn btn-default']' in '30' second(s)

2021-11-23 17:10:24 - [MESSAGE][INFO] - Clicking on object: 'Object Repository/Sayfalar/Giris_Sayfasi/RetveTamam_Butonu'

2021-11-23 17:10:24 - [MESSAGE][PASSED] - Object: 'Object Repository/Sayfalar/Giris_Sayfasi/RetveTamam_Butonu' is clicked on

2021-11-23 17:10:24 - [TEST_STEP][PASSED] - click(findTestObject("Object Repository/Sayfalar/Giris_Sayfasi/RetveTamam_Butonu")): Object: 'Object Repository/Sayfalar/Giris_Sayfasi/RetveTamam_Butonu' is clicked on

2021-11-23 17:10:24 - [MESSAGE][INFO] - Finding Test Object 'Object Repository/Sayfalar/Giris_Sayfasi/RetveTamam_Butonu'

2021-11-23 17:10:25 - [MESSAGE][INFO] - Checking object

2021-11-23 17:10:25 - [MESSAGE][INFO] - Finding web element from Test Object's properties

2021-11-23 17:10:25 - [MESSAGE][INFO] - Checking timeout

2021-11-23 17:10:25 - [MESSAGE][INFO] - Finding web element with id: 'Object Repository/Sayfalar/Giris_Sayfasi/RetveTamam_Butonu' located by 'By.xpath: //*[@class = 'btn btn-default']' in '30' second(s)

2021-11-23 17:10:25 - [MESSAGE][INFO] - Smart Wait Function is triggered

2021-11-23 17:10:28 - [MESSAGE][INFO] - Found 1 web elements with id: 'Object Repository/Sayfalar/Giris_Sayfasi/RetveTamam_Butonu' located by 'By.xpath: //*[@class = 'btn btn-default']' in '30' second(s)

2021-11-23 17:10:28 - [MESSAGE][INFO] - Clicking on object: 'Object Repository/Sayfalar/Giris_Sayfasi/RetveTamam_Butonu'

2021-11-23 17:10:28 - [MESSAGE][PASSED] - Object: 'Object Repository/Sayfalar/Giris_Sayfasi/RetveTamam_Butonu' is clicked on

2021-11-23 17:10:28 - [TEST_STEP][PASSED] - if (verifyElementPresent(findTestObject("Sayfalar/Giris_Sayfasi/PopupOK"), 5, OPTIONAL)): null

2021-11-23 17:10:28 - [MESSAGE][INFO] - Finding Test Object 'Object Repository/Sayfalar/Giris_Sayfasi/PopupOK'

2021-11-23 17:10:28 - [MESSAGE][INFO] - Checking object

2021-11-23 17:10:28 - [MESSAGE][INFO] - Finding web element from Test Object's properties

2021-11-23 17:10:28 - [MESSAGE][INFO] - Checking timeout

2021-11-23 17:10:28 - [MESSAGE][INFO] - Finding web element with id: 'Object Repository/Sayfalar/Giris_Sayfasi/PopupOK' located by 'By.cssSelector: .btn.btn-success' in '5' second(s)

2021-11-23 17:10:28 - [MESSAGE][INFO] - Smart Wait Function is triggered

2021-11-23 17:10:28 - [MESSAGE][INFO] - Found 1 web elements with id: 'Object Repository/Sayfalar/Giris_Sayfasi/PopupOK' located by 'By.cssSelector: .btn.btn-success' in '5' second(s)

2021-11-23 17:10:28 - [MESSAGE][PASSED] - Object 'Object Repository/Sayfalar/Giris_Sayfasi/PopupOK' is present

2021-11-23 17:10:28 - [TEST_STEP][PASSED] - click(findTestObject("Object Repository/Sayfalar/Giris_Sayfasi/PopupCarpiGiris")): Object: 'Object Repository/Sayfalar/Giris_Sayfasi/PopupCarpiGiris' is clicked on

2021-11-23 17:10:28 - [MESSAGE][INFO] - Finding Test Object 'Object Repository/Sayfalar/Giris_Sayfasi/PopupCarpiGiris'

2021-11-23 17:10:28 - [MESSAGE][INFO] - Checking object

2021-11-23 17:10:28 - [MESSAGE][INFO] - Finding web element from Test Object's properties

2021-11-23 17:10:28 - [MESSAGE][INFO] - Checking timeout

2021-11-23 17:10:28 - [MESSAGE][INFO] - Finding web element with id: 'Object Repository/Sayfalar/Giris_Sayfasi/PopupCarpiGiris' located by 'By.cssSelector: .bootbox-close-button.close' in '30' second(s)

2021-11-23 17:10:28 - [MESSAGE][INFO] - Smart Wait Function is triggered

2021-11-23 17:10:29 - [MESSAGE][INFO] - Found 1 web elements with id: 'Object Repository/Sayfalar/Giris_Sayfasi/PopupCarpiGiris' located by 'By.cssSelector: .bootbox-close-button.close' in '30' second(s)

2021-11-23 17:10:29 - [MESSAGE][INFO] - Clicking on object: 'Object Repository/Sayfalar/Giris_Sayfasi/PopupCarpiGiris'

2021-11-23 17:10:29 - [MESSAGE][PASSED] - Object: 'Object Repository/Sayfalar/Giris_Sayfasi/PopupCarpiGiris' is clicked on

2021-11-23 17:10:29 - [TEST_STEP][PASSED] - verifyElementVisible(findTestObject("Object Repository/Kullanici_Islemleri/KullaniciIslemleri")): Object 'Object Repository/Kullanici_Islemleri/KullaniciIslemleri' is visible

2021-11-23 17:10:29 - [MESSAGE][INFO] - Finding Test Object 'Object Repository/Kullanici_Islemleri/KullaniciIslemleri'

2021-11-23 17:10:29 - [MESSAGE][INFO] - Checking object

2021-11-23 17:10:29 - [MESSAGE][INFO] - Finding web element from Test Object's properties

2021-11-23 17:10:29 - [MESSAGE][INFO] - Checking timeout

2021-11-23 17:10:29 - [MESSAGE][INFO] - Finding web element with id: 'Object Repository/Kullanici_Islemleri/KullaniciIslemleri' located by 'By.cssSelector: .dropdown>a>img' in '30' second(s)

2021-11-23 17:10:29 - [MESSAGE][INFO] - Smart Wait Function is triggered

2021-11-23 17:10:30 - [MESSAGE][INFO] - Found 1 web elements with id: 'Object Repository/Kullanici_Islemleri/KullaniciIslemleri' located by 'By.cssSelector: .dropdown>a>img' in '30' second(s)

2021-11-23 17:10:30 - [MESSAGE][PASSED] - Object 'Object Repository/Kullanici_Islemleri/KullaniciIslemleri' is visible

2021-11-23 17:10:30 - [MESSAGE][PASSED] - Call Test Case 'Test Cases/Sayfalar/Giris_Sayfasi/Login' successfully

2021-11-23 17:10:30 - [MESSAGE][INFO] - Checking called Test Case

2021-11-23 17:10:30 - [MESSAGE][INFO] - Starting to call Test Case 'Test Cases/Menu/AnaMenuSecimi'

2021-11-23 17:10:30 - [TEST_CASE][PASSED] - Test Cases/Menu/AnaMenuSecimi: Test Cases/Menu/AnaMenuSecimi

2021-11-23 17:10:30 - [TEST_STEP][PASSED] - Method.TextDegerineEsitElementeTikla(findTestObject("Menu/Ana_Menu"), Ana_Menu): Method.TextDegerineEsitElementeTikla is PASSED

2021-11-23 17:10:30 - [MESSAGE][INFO] - Finding Test Object 'Object Repository/Menu/Ana_Menu'

2021-11-23 17:10:30 - [MESSAGE][INFO] - Checking timeout

2021-11-23 17:10:30 - [MESSAGE][INFO] - Finding web element with id: 'Object Repository/Menu/Ana_Menu' located by 'By.xpath: //*[@class = 'dropdown-toggle']' in '10' second(s)

2021-11-23 17:10:30 - [MESSAGE][INFO] - Smart Wait Function is triggered

2021-11-23 17:10:30 - [MESSAGE][INFO] - Found 14 web elements with id: 'Object Repository/Menu/Ana_Menu' located by 'By.xpath: //*[@class = 'dropdown-toggle']' in '10' second(s)

2021-11-23 17:10:30 - [MESSAGE][PASSED] - Method.TextDegerineEsitElementeTikla is PASSED

2021-11-23 17:10:30 - [MESSAGE][PASSED] - Call Test Case 'Test Cases/Menu/AnaMenuSecimi' successfully

2021-11-23 17:10:30 - [MESSAGE][INFO] - Checking called Test Case

2021-11-23 17:10:30 - [MESSAGE][INFO] - Starting to call Test Case 'Test Cases/Menu/BasligaGoreAltMenuSecimi'

2021-11-23 17:10:30 - [TEST_CASE][PASSED] - Test Cases/Menu/BasligaGoreAltMenuSecimi: Test Cases/Menu/BasligaGoreAltMenuSecimi

2021-11-23 17:10:30 - [TEST_STEP][PASSED] - Method.TextDegerineEsitElementinAltindakiTextDegerineEsitOlanaTikla(findTestObject("Menu/Menu_Basligi"), findTestObject("Menu/Basliga_Gore_Alt_Menu"), Baslik, Alt_Menu): Method.TextDegerineEsitElementinAltindakiTextDegerineEsitOlanaTikla is PASSED

2021-11-23 17:10:30 - [MESSAGE][INFO] - Finding Test Object 'Object Repository/Menu/Menu_Basligi'

2021-11-23 17:10:30 - [MESSAGE][INFO] - Finding Test Object 'Object Repository/Menu/Basliga_Gore_Alt_Menu'

2021-11-23 17:10:31 - [MESSAGE][INFO] - Checking timeout

2021-11-23 17:10:31 - [MESSAGE][INFO] - Finding web element with id: 'Object Repository/Menu/Menu_Basligi' located by 'By.xpath: //li[@class='dropdown dropdown-large open']//li[@class='dropdown-header']' in '10' second(s)

2021-11-23 17:10:31 - [MESSAGE][INFO] - Smart Wait Function is triggered

2021-11-23 17:10:31 - [MESSAGE][INFO] - Found 2 web elements with id: 'Object Repository/Menu/Menu_Basligi' located by 'By.xpath: //li[@class='dropdown dropdown-large open']//li[@class='dropdown-header']' in '10' second(s)

2021-11-23 17:10:31 - [MESSAGE][INFO] - Smart Wait Function is triggered

2021-11-23 17:10:33 - [MESSAGE][PASSED] - Method.TextDegerineEsitElementinAltindakiTextDegerineEsitOlanaTikla is PASSED

2021-11-23 17:10:33 - [MESSAGE][PASSED] - Call Test Case 'Test Cases/Menu/BasligaGoreAltMenuSecimi' successfully

2021-11-23 17:10:33 - [MESSAGE][INFO] - Checking called Test Case

2021-11-23 17:10:33 - [MESSAGE][INFO] - Starting to call Test Case 'Test Cases/Butonlar/ButonaTikla'

2021-11-23 17:10:33 - [TEST_CASE][PASSED] - Test Cases/Butonlar/ButonaTikla: Test Cases/Butonlar/ButonaTikla

2021-11-23 17:10:33 - [TEST_STEP][PASSED] - Method.TextDegerineEsitElementeTiklaEquals(findTestObject("Butonlar/Butonlar"), Buton_Adi): Method.TextDegerineEsitElementeTiklaEquals is PASSED

2021-11-23 17:10:33 - [MESSAGE][INFO] - Finding Test Object 'Object Repository/Butonlar/Butonlar'

2021-11-23 17:10:34 - [MESSAGE][INFO] - Checking timeout

2021-11-23 17:10:34 - [MESSAGE][INFO] - Finding web element with id: 'Object Repository/Butonlar/Butonlar' located by 'By.cssSelector: .panel.panel-default.text-center.footerPanel .btn,.btn.btn-primary.btnControls' in '10' second(s)

2021-11-23 17:10:34 - [MESSAGE][INFO] - Smart Wait Function is triggered

2021-11-23 17:10:34 - [MESSAGE][INFO] - Found 4 web elements with id: 'Object Repository/Butonlar/Butonlar' located by 'By.cssSelector: .panel.panel-default.text-center.footerPanel .btn,.btn.btn-primary.btnControls' in '10' second(s)

2021-11-23 17:10:34 - [MESSAGE][PASSED] - Method.TextDegerineEsitElementeTiklaEquals is PASSED

2021-11-23 17:10:34 - [MESSAGE][PASSED] - Call Test Case 'Test Cases/Butonlar/ButonaTikla' successfully

2021-11-23 17:10:34 - [MESSAGE][INFO] - Checking called Test Case

2021-11-23 17:10:34 - [MESSAGE][INFO] - Starting to call Test Case 'Test Cases/Sayfalar/Ayarlar/Adres_Defteri/BaslikliPopupGeldiMi'

2021-11-23 17:10:34 - [TEST_CASE][PASSED] - Test Cases/Sayfalar/Ayarlar/Adres_Defteri/BaslikliPopupGeldiMi: Test Cases/Sayfalar/Ayarlar/Adres_Defteri/BaslikliPopupGeldiMi

2021-11-23 17:10:35 - [TEST_STEP][PASSED] - waitForElementVisible(findTestObject("Sayfalar/Ayarlar/Adres_Defteri/popupBaslik"), 10): Object 'Object Repository/Sayfalar/Ayarlar/Adres_Defteri/popupBaslik' is visible

2021-11-23 17:10:35 - [MESSAGE][INFO] - Finding Test Object 'Object Repository/Sayfalar/Ayarlar/Adres_Defteri/popupBaslik'

2021-11-23 17:10:35 - [MESSAGE][INFO] - Checking object

2021-11-23 17:10:35 - [MESSAGE][INFO] - Checking timeout

2021-11-23 17:10:35 - [MESSAGE][INFO] - Finding web element from Test Object's properties

2021-11-23 17:10:35 - [MESSAGE][INFO] - Checking timeout

2021-11-23 17:10:35 - [MESSAGE][INFO] - Finding web element with id: 'Object Repository/Sayfalar/Ayarlar/Adres_Defteri/popupBaslik' located by 'By.cssSelector: #addAddressBook h4' in '10' second(s)

2021-11-23 17:10:35 - [MESSAGE][INFO] - Smart Wait Function is triggered

2021-11-23 17:10:35 - [MESSAGE][INFO] - Found 1 web elements with id: 'Object Repository/Sayfalar/Ayarlar/Adres_Defteri/popupBaslik' located by 'By.cssSelector: #addAddressBook h4' in '10' second(s)

2021-11-23 17:10:35 - [MESSAGE][PASSED] - Object 'Object Repository/Sayfalar/Ayarlar/Adres_Defteri/popupBaslik' is visible

2021-11-23 17:10:35 - [TEST_STEP][PASSED] - Method.TextDegerineEsitElementVarMi(findTestObject("Sayfalar/Ayarlar/Adres_Defteri/popupBaslik"), Baslik): Method.TextDegerineEsitElementVarMi is PASSED

2021-11-23 17:10:35 - [MESSAGE][INFO] - Finding Test Object 'Object Repository/Sayfalar/Ayarlar/Adres_Defteri/popupBaslik'

2021-11-23 17:10:35 - [MESSAGE][INFO] - Checking timeout

2021-11-23 17:10:35 - [MESSAGE][INFO] - Finding web element with id: 'Object Repository/Sayfalar/Ayarlar/Adres_Defteri/popupBaslik' located by 'By.cssSelector: #addAddressBook h4' in '10' second(s)

2021-11-23 17:10:35 - [MESSAGE][INFO] - Smart Wait Function is triggered

2021-11-23 17:10:36 - [MESSAGE][INFO] - Found 1 web elements with id: 'Object Repository/Sayfalar/Ayarlar/Adres_Defteri/popupBaslik' located by 'By.cssSelector: #addAddressBook h4' in '10' second(s)

2021-11-23 17:10:36 - [MESSAGE][PASSED] - Method.TextDegerineEsitElementVarMi is PASSED

2021-11-23 17:10:36 - [TEST_STEP][PASSED] - a = switchToFrame(findTestObject("Object Repository/Sayfalar/Ayarlar/Adres_Defteri/frame"), Waits): Switched to iframe: 'Object Repository/Sayfalar/Ayarlar/Adres_Defteri/frame'

2021-11-23 17:10:36 - [MESSAGE][INFO] - Finding Test Object 'Object Repository/Sayfalar/Ayarlar/Adres_Defteri/frame'

2021-11-23 17:10:36 - [MESSAGE][INFO] - Switching to iframe: 'Object Repository/Sayfalar/Ayarlar/Adres_Defteri/frame'

2021-11-23 17:10:36 - [MESSAGE][INFO] - Finding web element from Test Object's properties

2021-11-23 17:10:36 - [MESSAGE][INFO] - Checking timeout

2021-11-23 17:10:36 - [MESSAGE][INFO] - Finding web element with id: 'Object Repository/Sayfalar/Ayarlar/Adres_Defteri/frame' located by 'By.xpath: //*[@id = 'addAddressBookFrame']' in '10' second(s)

2021-11-23 17:10:36 - [MESSAGE][INFO] - Smart Wait Function is triggered

2021-11-23 17:10:36 - [MESSAGE][INFO] - Found 1 web elements with id: 'Object Repository/Sayfalar/Ayarlar/Adres_Defteri/frame' located by 'By.xpath: //*[@id = 'addAddressBookFrame']' in '10' second(s)

2021-11-23 17:10:36 - [MESSAGE][INFO] - Switched to iframe: 'Object Repository/Sayfalar/Ayarlar/Adres_Defteri/frame'

2021-11-23 17:10:36 - [TEST_STEP][PASSED] - assert a: null

2021-11-23 17:10:36 - [MESSAGE][PASSED] - Call Test Case 'Test Cases/Sayfalar/Ayarlar/Adres_Defteri/BaslikliPopupGeldiMi' successfully

2021-11-23 17:10:36 - [MESSAGE][INFO] - Checking called Test Case

2021-11-23 17:10:36 - [MESSAGE][INFO] - Starting to call Test Case 'Test Cases/Sayfalar/Ayarlar/Adres_Defteri/AdresDefteriTexboxaYaz'

2021-11-23 17:10:36 - [TEST_CASE][PASSED] - Test Cases/Sayfalar/Ayarlar/Adres_Defteri/AdresDefteriTexboxaYaz: Test Cases/Sayfalar/Ayarlar/Adres_Defteri/AdresDefteriTexboxaYaz

2021-11-23 17:10:37 - [TEST_STEP][PASSED] - Method.TextDegerineEsitElementinAltindakiTextboxtaYazgecici(findTestObject("Sayfalar/Ayarlar/Adres_Defteri/alanlar"), findTestObject("Sayfalar/Ayarlar/Adres_Defteri/textbox"), Alan, Deger): Method.TextDegerineEsitElementinAltindakiTextboxtaYazgecici is PASSED

2021-11-23 17:10:37 - [MESSAGE][INFO] - Finding Test Object 'Object Repository/Sayfalar/Ayarlar/Adres_Defteri/alanlar'

2021-11-23 17:10:37 - [MESSAGE][INFO] - Finding Test Object 'Object Repository/Sayfalar/Ayarlar/Adres_Defteri/textbox'

2021-11-23 17:10:37 - [MESSAGE][INFO] - Checking timeout

2021-11-23 17:10:37 - [MESSAGE][INFO] - Finding web element with id: 'Object Repository/Sayfalar/Ayarlar/Adres_Defteri/alanlar' located by 'By.cssSelector: .control-label.paddingMarginRLC' in '10' second(s)

2021-11-23 17:10:37 - [MESSAGE][INFO] - Smart Wait Function is triggered

2021-11-23 17:10:37 - [MESSAGE][INFO] - Found 16 web elements with id: 'Object Repository/Sayfalar/Ayarlar/Adres_Defteri/alanlar' located by 'By.cssSelector: .control-label.paddingMarginRLC' in '10' second(s)

2021-11-23 17:10:37 - [MESSAGE][INFO] - Smart Wait Function is triggered

2021-11-23 17:10:37 - [MESSAGE][INFO] - Delaying browser in 2 second(s)

2021-11-23 17:10:39 - [MESSAGE][PASSED] - Delayed 2 second(s)

2021-11-23 17:10:40 - [MESSAGE][PASSED] - Method.TextDegerineEsitElementinAltindakiTextboxtaYazgecici is PASSED

2021-11-23 17:10:40 - [MESSAGE][PASSED] - Call Test Case 'Test Cases/Sayfalar/Ayarlar/Adres_Defteri/AdresDefteriTexboxaYaz' successfully

2021-11-23 17:10:40 - [MESSAGE][INFO] - Checking called Test Case

2021-11-23 17:10:40 - [MESSAGE][INFO] - Starting to call Test Case 'Test Cases/Sayfalar/Ayarlar/Adres_Defteri/UnvanYaziliMi'

2021-11-23 17:10:40 - [TEST_CASE][PASSED] - Test Cases/Sayfalar/Ayarlar/Adres_Defteri/UnvanYaziliMi: Test Cases/Sayfalar/Ayarlar/Adres_Defteri/UnvanYaziliMi

2021-11-23 17:10:41 - [TEST_STEP][PASSED] - click(findTestObject("Sayfalar/Ayarlar/Adres_Defteri/alanlarTextbox"), STOP_ON_FAILURE): Object: 'Object Repository/Sayfalar/Ayarlar/Adres_Defteri/alanlarTextbox' is clicked on

2021-11-23 17:10:41 - [MESSAGE][INFO] - Finding Test Object 'Object Repository/Sayfalar/Ayarlar/Adres_Defteri/alanlarTextbox'

2021-11-23 17:10:41 - [MESSAGE][INFO] - Checking object

2021-11-23 17:10:41 - [MESSAGE][INFO] - Finding web element from Test Object's properties

2021-11-23 17:10:41 - [MESSAGE][INFO] - Checking timeout

2021-11-23 17:10:41 - [MESSAGE][INFO] - Finding web element with id: 'Object Repository/Sayfalar/Ayarlar/Adres_Defteri/alanlarTextbox' located by 'By.cssSelector: .col-sm-10.paddingMarginRLC #PartyName' in '30' second(s)

2021-11-23 17:10:41 - [MESSAGE][INFO] - Smart Wait Function is triggered

2021-11-23 17:10:41 - [MESSAGE][INFO] - Found 1 web elements with id: 'Object Repository/Sayfalar/Ayarlar/Adres_Defteri/alanlarTextbox' located by 'By.cssSelector: .col-sm-10.paddingMarginRLC #PartyName' in '30' second(s)

2021-11-23 17:10:41 - [MESSAGE][INFO] - Clicking on object: 'Object Repository/Sayfalar/Ayarlar/Adres_Defteri/alanlarTextbox'

2021-11-23 17:10:41 - [MESSAGE][PASSED] - Object: 'Object Repository/Sayfalar/Ayarlar/Adres_Defteri/alanlarTextbox' is clicked on

2021-11-23 17:10:41 - [TEST_STEP][PASSED] - variableHoldingValue = getAttribute(findTestObject("Sayfalar/Ayarlar/Adres_Defteri/alanlarTextbox"), "value"): Attribute 'value' of object 'Object Repository/Sayfalar/Ayarlar/Adres_Defteri/alanlarTextbox' is: 'Test Kurum 6'

2021-11-23 17:10:41 - [MESSAGE][INFO] - Finding Test Object 'Object Repository/Sayfalar/Ayarlar/Adres_Defteri/alanlarTextbox'

2021-11-23 17:10:41 - [MESSAGE][INFO] - Checking object

2021-11-23 17:10:41 - [MESSAGE][INFO] - Checking attribute

2021-11-23 17:10:41 - [MESSAGE][INFO] - Finding web element from Test Object's properties

2021-11-23 17:10:41 - [MESSAGE][INFO] - Checking timeout

2021-11-23 17:10:41 - [MESSAGE][INFO] - Finding web element with id: 'Object Repository/Sayfalar/Ayarlar/Adres_Defteri/alanlarTextbox' located by 'By.cssSelector: .col-sm-10.paddingMarginRLC #PartyName' in '30' second(s)

2021-11-23 17:10:41 - [MESSAGE][INFO] - Smart Wait Function is triggered

2021-11-23 17:10:41 - [MESSAGE][INFO] - Found 1 web elements with id: 'Object Repository/Sayfalar/Ayarlar/Adres_Defteri/alanlarTextbox' located by 'By.cssSelector: .col-sm-10.paddingMarginRLC #PartyName' in '30' second(s)

2021-11-23 17:10:41 - [MESSAGE][INFO] - Getting attribute 'value' of object 'Object Repository/Sayfalar/Ayarlar/Adres_Defteri/alanlarTextbox'

2021-11-23 17:10:41 - [MESSAGE][PASSED] - Attribute 'value' of object 'Object Repository/Sayfalar/Ayarlar/Adres_Defteri/alanlarTextbox' is: 'Test Kurum 6'

2021-11-23 17:10:41 - [TEST_STEP][PASSED] - Console.println(variableHoldingValue): null

2021-11-23 17:10:41 - [TEST_STEP][PASSED] - verifyEqual(variableHoldingValue, Degeri): Actual object 'Test Kurum 6' and expected object 'Test Kurum 6' are equal

2021-11-23 17:10:41 - [MESSAGE][INFO] - Comparing actual object 'Test Kurum 6' with expected object 'Test Kurum 6'

2021-11-23 17:10:41 - [MESSAGE][PASSED] - Actual object 'Test Kurum 6' and expected object 'Test Kurum 6' are equal

2021-11-23 17:10:41 - [MESSAGE][PASSED] - Call Test Case 'Test Cases/Sayfalar/Ayarlar/Adres_Defteri/UnvanYaziliMi' successfully

2021-11-23 17:10:41 - [MESSAGE][INFO] - Checking called Test Case

2021-11-23 17:10:41 - [MESSAGE][INFO] - Starting to call Test Case 'Test Cases/Sayfalar/Ayarlar/Adres_Defteri/AdresDefteriTexboxaYaz'

2021-11-23 17:10:41 - [TEST_CASE][PASSED] - Test Cases/Sayfalar/Ayarlar/Adres_Defteri/AdresDefteriTexboxaYaz: Test Cases/Sayfalar/Ayarlar/Adres_Defteri/AdresDefteriTexboxaYaz

2021-11-23 17:10:41 - [TEST_STEP][PASSED] - Method.TextDegerineEsitElementinAltindakiTextboxtaYazgecici(findTestObject("Sayfalar/Ayarlar/Adres_Defteri/alanlar"), findTestObject("Sayfalar/Ayarlar/Adres_Defteri/textbox"), Alan, Deger): Method.TextDegerineEsitElementinAltindakiTextboxtaYazgecici is PASSED

2021-11-23 17:10:41 - [MESSAGE][INFO] - Finding Test Object 'Object Repository/Sayfalar/Ayarlar/Adres_Defteri/alanlar'

2021-11-23 17:10:41 - [MESSAGE][INFO] - Finding Test Object 'Object Repository/Sayfalar/Ayarlar/Adres_Defteri/textbox'

2021-11-23 17:10:41 - [MESSAGE][INFO] - Checking timeout

2021-11-23 17:10:41 - [MESSAGE][INFO] - Finding web element with id: 'Object Repository/Sayfalar/Ayarlar/Adres_Defteri/alanlar' located by 'By.cssSelector: .control-label.paddingMarginRLC' in '10' second(s)

2021-11-23 17:10:41 - [MESSAGE][INFO] - Smart Wait Function is triggered

2021-11-23 17:10:41 - [MESSAGE][INFO] - Found 16 web elements with id: 'Object Repository/Sayfalar/Ayarlar/Adres_Defteri/alanlar' located by 'By.cssSelector: .control-label.paddingMarginRLC' in '10' second(s)

2021-11-23 17:10:42 - [MESSAGE][INFO] - Smart Wait Function is triggered

2021-11-23 17:10:42 - [MESSAGE][INFO] - Delaying browser in 2 second(s)

2021-11-23 17:10:44 - [MESSAGE][PASSED] - Delayed 2 second(s)

2021-11-23 17:10:44 - [MESSAGE][PASSED] - Method.TextDegerineEsitElementinAltindakiTextboxtaYazgecici is PASSED

2021-11-23 17:10:44 - [MESSAGE][PASSED] - Call Test Case 'Test Cases/Sayfalar/Ayarlar/Adres_Defteri/AdresDefteriTexboxaYaz' successfully

2021-11-23 17:10:44 - [MESSAGE][INFO] - Checking called Test Case

2021-11-23 17:10:44 - [MESSAGE][INFO] - Starting to call Test Case 'Test Cases/Sayfalar/Ayarlar/Adres_Defteri/AdresDefteriTexboxaYaz'

2021-11-23 17:10:44 - [TEST_CASE][PASSED] - Test Cases/Sayfalar/Ayarlar/Adres_Defteri/AdresDefteriTexboxaYaz: Test Cases/Sayfalar/Ayarlar/Adres_Defteri/AdresDefteriTexboxaYaz

2021-11-23 17:10:44 - [TEST_STEP][PASSED] - Method.TextDegerineEsitElementinAltindakiTextboxtaYazgecici(findTestObject("Sayfalar/Ayarlar/Adres_Defteri/alanlar"), findTestObject("Sayfalar/Ayarlar/Adres_Defteri/textbox"), Alan, Deger): Method.TextDegerineEsitElementinAltindakiTextboxtaYazgecici is PASSED

2021-11-23 17:10:44 - [MESSAGE][INFO] - Finding Test Object 'Object Repository/Sayfalar/Ayarlar/Adres_Defteri/alanlar'

2021-11-23 17:10:44 - [MESSAGE][INFO] - Finding Test Object 'Object Repository/Sayfalar/Ayarlar/Adres_Defteri/textbox'

2021-11-23 17:10:45 - [MESSAGE][INFO] - Checking timeout

2021-11-23 17:10:45 - [MESSAGE][INFO] - Finding web element with id: 'Object Repository/Sayfalar/Ayarlar/Adres_Defteri/alanlar' located by 'By.cssSelector: .control-label.paddingMarginRLC' in '10' second(s)

2021-11-23 17:10:45 - [MESSAGE][INFO] - Smart Wait Function is triggered

2021-11-23 17:10:45 - [MESSAGE][INFO] - Found 16 web elements with id: 'Object Repository/Sayfalar/Ayarlar/Adres_Defteri/alanlar' located by 'By.cssSelector: .control-label.paddingMarginRLC' in '10' second(s)

2021-11-23 17:10:45 - [MESSAGE][INFO] - Smart Wait Function is triggered

2021-11-23 17:10:45 - [MESSAGE][INFO] - Delaying browser in 2 second(s)

2021-11-23 17:10:47 - [MESSAGE][PASSED] - Delayed 2 second(s)

2021-11-23 17:10:47 - [MESSAGE][PASSED] - Method.TextDegerineEsitElementinAltindakiTextboxtaYazgecici is PASSED

2021-11-23 17:10:47 - [MESSAGE][PASSED] - Call Test Case 'Test Cases/Sayfalar/Ayarlar/Adres_Defteri/AdresDefteriTexboxaYaz' successfully

2021-11-23 17:10:47 - [MESSAGE][INFO] - Checking called Test Case

2021-11-23 17:10:47 - [MESSAGE][INFO] - Starting to call Test Case 'Test Cases/Sayfalar/Ayarlar/Adres_Defteri/AdresDefteriTexboxaYaz'

2021-11-23 17:10:47 - [TEST_CASE][PASSED] - Test Cases/Sayfalar/Ayarlar/Adres_Defteri/AdresDefteriTexboxaYaz: Test Cases/Sayfalar/Ayarlar/Adres_Defteri/AdresDefteriTexboxaYaz

2021-11-23 17:10:47 - [TEST_STEP][PASSED] - Method.TextDegerineEsitElementinAltindakiTextboxtaYazgecici(findTestObject("Sayfalar/Ayarlar/Adres_Defteri/alanlar"), findTestObject("Sayfalar/Ayarlar/Adres_Defteri/textbox"), Alan, Deger): Method.TextDegerineEsitElementinAltindakiTextboxtaYazgecici is PASSED

2021-11-23 17:10:47 - [MESSAGE][INFO] - Finding Test Object 'Object Repository/Sayfalar/Ayarlar/Adres_Defteri/alanlar'

2021-11-23 17:10:48 - [MESSAGE][INFO] - Finding Test Object 'Object Repository/Sayfalar/Ayarlar/Adres_Defteri/textbox'

2021-11-23 17:10:48 - [MESSAGE][INFO] - Checking timeout

2021-11-23 17:10:48 - [MESSAGE][INFO] - Finding web element with id: 'Object Repository/Sayfalar/Ayarlar/Adres_Defteri/alanlar' located by 'By.cssSelector: .control-label.paddingMarginRLC' in '10' second(s)

2021-11-23 17:10:48 - [MESSAGE][INFO] - Smart Wait Function is triggered

2021-11-23 17:10:48 - [MESSAGE][INFO] - Found 16 web elements with id: 'Object Repository/Sayfalar/Ayarlar/Adres_Defteri/alanlar' located by 'By.cssSelector: .control-label.paddingMarginRLC' in '10' second(s)

2021-11-23 17:10:48 - [MESSAGE][INFO] - Smart Wait Function is triggered

2021-11-23 17:10:48 - [MESSAGE][INFO] - Delaying browser in 2 second(s)

2021-11-23 17:10:50 - [MESSAGE][PASSED] - Delayed 2 second(s)

2021-11-23 17:10:50 - [MESSAGE][INFO] - Delaying browser in 2 second(s)

2021-11-23 17:10:52 - [MESSAGE][PASSED] - Delayed 2 second(s)

2021-11-23 17:10:52 - [MESSAGE][PASSED] - Method.TextDegerineEsitElementinAltindakiTextboxtaYazgecici is PASSED

2021-11-23 17:10:52 - [MESSAGE][PASSED] - Call Test Case 'Test Cases/Sayfalar/Ayarlar/Adres_Defteri/AdresDefteriTexboxaYaz' successfully

2021-11-23 17:10:52 - [MESSAGE][INFO] - Checking called Test Case

2021-11-23 17:10:52 - [MESSAGE][INFO] - Starting to call Test Case 'Test Cases/Sayfalar/Ayarlar/Adres_Defteri/UnvanYaziliMi'

2021-11-23 17:10:52 - [TEST_CASE][PASSED] - Test Cases/Sayfalar/Ayarlar/Adres_Defteri/UnvanYaziliMi: Test Cases/Sayfalar/Ayarlar/Adres_Defteri/UnvanYaziliMi

2021-11-23 17:10:52 - [TEST_STEP][PASSED] - click(findTestObject("Sayfalar/Ayarlar/Adres_Defteri/alanlarTextbox"), STOP_ON_FAILURE): Object: 'Object Repository/Sayfalar/Ayarlar/Adres_Defteri/alanlarTextbox' is clicked on

2021-11-23 17:10:52 - [MESSAGE][INFO] - Finding Test Object 'Object Repository/Sayfalar/Ayarlar/Adres_Defteri/alanlarTextbox'

2021-11-23 17:10:52 - [MESSAGE][INFO] - Checking object

2021-11-23 17:10:52 - [MESSAGE][INFO] - Finding web element from Test Object's properties

2021-11-23 17:10:52 - [MESSAGE][INFO] - Checking timeout

2021-11-23 17:10:52 - [MESSAGE][INFO] - Finding web element with id: 'Object Repository/Sayfalar/Ayarlar/Adres_Defteri/alanlarTextbox' located by 'By.cssSelector: .col-sm-10.paddingMarginRLC #PartyName' in '30' second(s)

2021-11-23 17:10:52 - [MESSAGE][INFO] - Smart Wait Function is triggered

2021-11-23 17:10:53 - [MESSAGE][INFO] - Found 1 web elements with id: 'Object Repository/Sayfalar/Ayarlar/Adres_Defteri/alanlarTextbox' located by 'By.cssSelector: .col-sm-10.paddingMarginRLC #PartyName' in '30' second(s)

2021-11-23 17:10:53 - [MESSAGE][INFO] - Clicking on object: 'Object Repository/Sayfalar/Ayarlar/Adres_Defteri/alanlarTextbox'

2021-11-23 17:10:53 - [MESSAGE][PASSED] - Object: 'Object Repository/Sayfalar/Ayarlar/Adres_Defteri/alanlarTextbox' is clicked on

2021-11-23 17:10:53 - [TEST_STEP][PASSED] - variableHoldingValue = getAttribute(findTestObject("Sayfalar/Ayarlar/Adres_Defteri/alanlarTextbox"), "value"): Attribute 'value' of object 'Object Repository/Sayfalar/Ayarlar/Adres_Defteri/alanlarTextbox' is: ''

2021-11-23 17:10:53 - [MESSAGE][INFO] - Finding Test Object 'Object Repository/Sayfalar/Ayarlar/Adres_Defteri/alanlarTextbox'

2021-11-23 17:10:53 - [MESSAGE][INFO] - Checking object

2021-11-23 17:10:53 - [MESSAGE][INFO] - Checking attribute

2021-11-23 17:10:53 - [MESSAGE][INFO] - Finding web element from Test Object's properties

2021-11-23 17:10:53 - [MESSAGE][INFO] - Checking timeout

2021-11-23 17:10:53 - [MESSAGE][INFO] - Finding web element with id: 'Object Repository/Sayfalar/Ayarlar/Adres_Defteri/alanlarTextbox' located by 'By.cssSelector: .col-sm-10.paddingMarginRLC #PartyName' in '30' second(s)

2021-11-23 17:10:53 - [MESSAGE][INFO] - Smart Wait Function is triggered

2021-11-23 17:10:53 - [MESSAGE][INFO] - Found 1 web elements with id: 'Object Repository/Sayfalar/Ayarlar/Adres_Defteri/alanlarTextbox' located by 'By.cssSelector: .col-sm-10.paddingMarginRLC #PartyName' in '30' second(s)

2021-11-23 17:10:53 - [MESSAGE][INFO] - Getting attribute 'value' of object 'Object Repository/Sayfalar/Ayarlar/Adres_Defteri/alanlarTextbox'

2021-11-23 17:10:53 - [MESSAGE][PASSED] - Attribute 'value' of object 'Object Repository/Sayfalar/Ayarlar/Adres_Defteri/alanlarTextbox' is: ''

2021-11-23 17:10:53 - [TEST_STEP][PASSED] - Console.println(variableHoldingValue): null

2021-11-23 17:10:53 - [TEST_STEP][PASSED] - verifyEqual(variableHoldingValue, Degeri): Actual object '' and expected object '' are equal

2021-11-23 17:10:53 - [MESSAGE][INFO] - Comparing actual object '' with expected object ''

2021-11-23 17:10:53 - [MESSAGE][PASSED] - Actual object '' and expected object '' are equal

2021-11-23 17:10:53 - [MESSAGE][PASSED] - Call Test Case 'Test Cases/Sayfalar/Ayarlar/Adres_Defteri/UnvanYaziliMi' successfully

2021-11-23 17:10:53 - [MESSAGE][INFO] - Checking called Test Case

2021-11-23 17:10:53 - [MESSAGE][INFO] - Starting to call Test Case 'Test Cases/Sayfalar/Ayarlar/Adres_Defteri/AdresDefteriTexboxaYaz'

2021-11-23 17:10:53 - [TEST_CASE][PASSED] - Test Cases/Sayfalar/Ayarlar/Adres_Defteri/AdresDefteriTexboxaYaz: Test Cases/Sayfalar/Ayarlar/Adres_Defteri/AdresDefteriTexboxaYaz

2021-11-23 17:10:53 - [TEST_STEP][PASSED] - Method.TextDegerineEsitElementinAltindakiTextboxtaYazgecici(findTestObject("Sayfalar/Ayarlar/Adres_Defteri/alanlar"), findTestObject("Sayfalar/Ayarlar/Adres_Defteri/textbox"), Alan, Deger): Method.TextDegerineEsitElementinAltindakiTextboxtaYazgecici is PASSED

2021-11-23 17:10:53 - [MESSAGE][INFO] - Finding Test Object 'Object Repository/Sayfalar/Ayarlar/Adres_Defteri/alanlar'

[...]
	at com.kms.katalon.core.cucumber.keyword.CucumberBuiltinKeywords$runFeatureFile$0.callStatic(Unknown Source)
	at com.kms.katalon.core.cucumber.keyword.CucumberBuiltinKeywords.runFeatureFile(CucumberBuiltinKeywords.groovy:246)
	at com.kms.katalon.core.cucumber.keyword.CucumberBuiltinKeywords$runFeatureFile.call(Unknown Source)
	at Yukle e-Fatura.run(Yukle e-Fatura:19)
	at com.kms.katalon.core.main.ScriptEngine.run(ScriptEngine.java:194)
	at com.kms.katalon.core.main.ScriptEngine.runScriptAsRawText(ScriptEngine.java:119)
	at com.kms.katalon.core.main.TestCaseExecutor.runScript(TestCaseExecutor.java:369)
	at com.kms.katalon.core.main.TestCaseExecutor.doExecute(TestCaseExecutor.java:360)
	at com.kms.katalon.core.main.TestCaseExecutor.processExecutionPhase(TestCaseExecutor.java:339)
	at com.kms.katalon.core.main.TestCaseExecutor.accessMainPhase(TestCaseExecutor.java:331)
	at com.kms.katalon.core.main.TestCaseExecutor.execute(TestCaseExecutor.java:248)
	at com.kms.katalon.core.main.TestSuiteExecutor.accessTestCaseMainPhase(TestSuiteExecutor.java:191)
	at com.kms.katalon.core.main.TestSuiteExecutor.accessTestSuiteMainPhase(TestSuiteExecutor.java:140)
	at com.kms.katalon.core.main.TestSuiteExecutor.execute(TestSuiteExecutor.java:89)
	at com.kms.katalon.core.main.TestCaseMain.startTestSuite(TestCaseMain.java:181)
	at com.kms.katalon.core.main.TestCaseMain$startTestSuite$0.call(Unknown Source)
	at TempTestSuite1637674467745.run(TempTestSuite1637674467745.groovy:39)
Caused by: Assertion failed: 

assert a
       |
       false

	at Method.TextDegerineEsitElementVarMi(Method.groovy:277)
	... 56 more


2021-11-23 17:25:07 - [MESSAGE][ERROR] - Tabloda FCDD449F-F6B4-4D5F-B436-1E81B80A7193.xslt- ünvanlı veri oluşturuldu mu FAILED.
Reason:
com.kms.katalon.core.exception.StepErrorException: Call Test Case 'Test Cases/Tablo/TablodaUnvanliVeriOlusturulduMu' failed because of error(s)
	at com.kms.katalon.core.keyword.builtin.CallTestCaseKeyword$_callTestCase_closure1.doCall(CallTestCaseKeyword.groovy:66)
	at com.kms.katalon.core.keyword.builtin.CallTestCaseKeyword$_callTestCase_closure1.call(CallTestCaseKeyword.groovy)
	at com.kms.katalon.core.keyword.internal.KeywordMain.runKeyword(KeywordMain.groovy:68)
	at com.kms.katalon.core.keyword.builtin.CallTestCaseKeyword.callTestCase(CallTestCaseKeyword.groovy:81)
	at com.kms.katalon.core.keyword.builtin.CallTestCaseKeyword.execute(CallTestCaseKeyword.groovy:44)
	at com.kms.katalon.core.keyword.internal.KeywordExecutor.executeKeywordForPlatform(KeywordExecutor.groovy:73)
	at com.kms.katalon.core.keyword.BuiltinKeywords.callTestCase(BuiltinKeywords.groovy:334)
	at tablo.tablo.tablodaUnvanliVeriOlusturulduMu(tablo.groovy:115)
	at ✽.Tabloda FCDD449F-F6B4-4D5F-B436-1E81B80A7193.xslt- ünvanlı veri oluşturuldu mu(C:/Users/DELL/Documents/GitHub/EES_KatalonLogo/Include/features/Ayarlar/Gorsel Tasarimlar/Tasarim Araclari/Yukle e-Fatura.feature:15)
Caused by: org.codehaus.groovy.runtime.InvokerInvocationException: Assertion failed: 

assert a
       |
       false

	at Method.invokeMethod(Method.groovy)
	at com.kms.katalon.core.main.CustomKeywordDelegatingMetaClass.invokeStaticMethod(CustomKeywordDelegatingMetaClass.java:50)
	at TablodaUnvanliVeriOlusturulduMu.run(TablodaUnvanliVeriOlusturulduMu:22)
	at com.kms.katalon.core.main.ScriptEngine.run(ScriptEngine.java:194)
	at com.kms.katalon.core.main.ScriptEngine.runScriptAsRawText(ScriptEngine.java:119)
	at com.kms.katalon.core.main.TestCaseExecutor.runScript(TestCaseExecutor.java:369)
	at com.kms.katalon.core.main.TestCaseExecutor.doExecute(TestCaseExecutor.java:360)
	at com.kms.katalon.core.main.TestCaseExecutor.processExecutionPhase(TestCaseExecutor.java:339)
	at com.kms.katalon.core.main.TestCaseExecutor.accessMainPhase(TestCaseExecutor.java:331)
	at com.kms.katalon.core.main.TestCaseExecutor.execute(TestCaseExecutor.java:248)
	at com.kms.katalon.core.main.TestCaseMain.runTestCase(TestCaseMain.java:138)
	at com.kms.katalon.core.keyword.builtin.CallTestCaseKeyword$_callTestCase_closure1.doCall(CallTestCaseKeyword.groovy:59)
	at com.kms.katalon.core.keyword.builtin.CallTestCaseKeyword$_callTestCase_closure1.call(CallTestCaseKeyword.groovy)
	at com.kms.katalon.core.keyword.internal.KeywordMain.runKeyword(KeywordMain.groovy:68)
	at com.kms.katalon.core.keyword.builtin.CallTestCaseKeyword.callTestCase(CallTestCaseKeyword.groovy:81)
	at com.kms.katalon.core.keyword.builtin.CallTestCaseKeyword.execute(CallTestCaseKeyword.groovy:44)
	at com.kms.katalon.core.keyword.internal.KeywordExecutor.executeKeywordForPlatform(KeywordExecutor.groovy:73)
	at com.kms.katalon.core.keyword.BuiltinKeywords.callTestCase(BuiltinKeywords.groovy:334)
	at tablo.tablo.tablodaUnvanliVeriOlusturulduMu(tablo.groovy:115)
	at cucumber.runtime.Utils$1.call(Utils.java:26)
	at cucumber.runtime.Timeout.timeout(Timeout.java:16)
	at cucumber.runtime.Utils.invoke(Utils.java:20)
	at cucumber.runtime.java.JavaStepDefinition.execute(JavaStepDefinition.java:49)
	at cucumber.runner.PickleStepDefinitionMatch.runStep(PickleStepDefinitionMatch.java:50)
	at cucumber.runner.TestStep.executeStep(TestStep.java:63)
	at cucumber.runner.TestStep.run(TestStep.java:49)
	at cucumber.runner.PickleStepTestStep.run(PickleStepTestStep.java:43)
	at cucumber.runner.TestCase.run(TestCase.java:44)
	at cucumber.runner.Runner.runPickle(Runner.java:40)
	at cucumber.runtime.Runtime$1.run(Runtime.java:84)
	at cucumber.runtime.Runtime$SameThreadExecutorService.execute(Runtime.java:220)
	at cucumber.runtime.Runtime.run(Runtime.java:81)
	at cucumber.api.cli.Main.run(Main.java:26)
	at cucumber.api.cli.Main$run.call(Unknown Source)
	at com.kms.katalon.core.cucumber.keyword.CucumberBuiltinKeywords$_runFeatureFile_closure1.doCall(CucumberBuiltinKeywords.groovy:106)
	at com.kms.katalon.core.cucumber.keyword.CucumberBuiltinKeywords$_runFeatureFile_closure1.doCall(CucumberBuiltinKeywords.groovy)
	at com.kms.katalon.core.keyword.internal.KeywordMain.runKeyword(KeywordMain.groovy:68)
	at com.kms.katalon.core.keyword.internal.KeywordMain$runKeyword.call(Unknown Source)
	at com.kms.katalon.core.cucumber.keyword.CucumberBuiltinKeywords.runFeatureFile(CucumberBuiltinKeywords.groovy:73)
	at com.kms.katalon.core.cucumber.keyword.CucumberBuiltinKeywords$runFeatureFile$0.callStatic(Unknown Source)
	at com.kms.katalon.core.cucumber.keyword.CucumberBuiltinKeywords.runFeatureFile(CucumberBuiltinKeywords.groovy:246)
	at com.kms.katalon.core.cucumber.keyword.CucumberBuiltinKeywords$runFeatureFile.call(Unknown Source)
	at Yukle e-Fatura.run(Yukle e-Fatura:19)
	at com.kms.katalon.core.main.ScriptEngine.run(ScriptEngine.java:194)
	at com.kms.katalon.core.main.ScriptEngine.runScriptAsRawText(ScriptEngine.java:119)
	at com.kms.katalon.core.main.TestCaseExecutor.runScript(TestCaseExecutor.java:369)
	at com.kms.katalon.core.main.TestCaseExecutor.doExecute(TestCaseExecutor.java:360)
	at com.kms.katalon.core.main.TestCaseExecutor.processExecutionPhase(TestCaseExecutor.java:339)
	at com.kms.katalon.core.main.TestCaseExecutor.accessMainPhase(TestCaseExecutor.java:331)
	at com.kms.katalon.core.main.TestCaseExecutor.execute(TestCaseExecutor.java:248)
	at com.kms.katalon.core.main.TestSuiteExecutor.accessTestCaseMainPhase(TestSuiteExecutor.java:191)
	at com.kms.katalon.core.main.TestSuiteExecutor.accessTestSuiteMainPhase(TestSuiteExecutor.java:140)
	at com.kms.katalon.core.main.TestSuiteExecutor.execute(TestSuiteExecutor.java:89)
	at com.kms.katalon.core.main.TestCaseMain.startTestSuite(TestCaseMain.java:181)
	at com.kms.katalon.core.main.TestCaseMain$startTestSuite$0.call(Unknown Source)
	at TempTestSuite1637674467745.run(TempTestSuite1637674467745.groovy:39)
Caused by: Assertion failed: 

assert a
       |
       false

	at Method.TextDegerineEsitElementVarMi(Method.groovy:277)
	... 56 more


2021-11-23 17:25:07 - [TEST_STEP][NOT_RUN] - Kullanıcı işlemlerinden Çıkış seçilir: Kullanıcı işlemlerinden Çıkış seçilir

2021-11-23 17:25:07 - [MESSAGE][NOT_RUN] - Kullanıcı işlemlerinden Çıkış seçilir

2021-11-23 17:25:07 - [MESSAGE][FAILED] - Feature file 'Include/features/Ayarlar/Gorsel Tasarimlar/Tasarim Araclari/Yukle e-Fatura.feature' was failed

2021-11-23 17:25:07 - [MESSAGE][FAILED] - Keyword runFeatureFile was failed (Root cause: com.kms.katalon.core.exception.StepFailedException: Feature file 'Include/features/Ayarlar/Gorsel Tasarimlar/Tasarim Araclari/Yukle e-Fatura.feature' was failed
	at com.kms.katalon.core.keyword.internal.KeywordMain.stepFailed(KeywordMain.groovy:50)
	at com.kms.katalon.core.keyword.internal.KeywordMain.stepFailed(KeywordMain.groovy)
	at com.kms.katalon.core.keyword.internal.KeywordMain.stepFailed(KeywordMain.groovy:23)
	at com.kms.katalon.core.keyword.internal.KeywordMain$stepFailed$0.call(Unknown Source)
	at com.kms.katalon.core.cucumber.keyword.CucumberBuiltinKeywords$_runFeatureFile_closure1.doCall(CucumberBuiltinKeywords.groovy:112)
	at com.kms.katalon.core.cucumber.keyword.CucumberBuiltinKeywords$_runFeatureFile_closure1.doCall(CucumberBuiltinKeywords.groovy)
	at com.kms.katalon.core.keyword.internal.KeywordMain.runKeyword(KeywordMain.groovy:68)
	at com.kms.katalon.core.keyword.internal.KeywordMain$runKeyword.call(Unknown Source)
	at com.kms.katalon.core.cucumber.keyword.CucumberBuiltinKeywords.runFeatureFile(CucumberBuiltinKeywords.groovy:73)
	at com.kms.katalon.core.cucumber.keyword.CucumberBuiltinKeywords$runFeatureFile$0.callStatic(Unknown Source)
	at com.kms.katalon.core.cucumber.keyword.CucumberBuiltinKeywords.runFeatureFile(CucumberBuiltinKeywords.groovy:246)
	at com.kms.katalon.core.cucumber.keyword.CucumberBuiltinKeywords$runFeatureFile.call(Unknown Source)
	at Yukle e-Fatura.run(Yukle e-Fatura:19)
	at com.kms.katalon.core.main.ScriptEngine.run(ScriptEngine.java:194)
	at com.kms.katalon.core.main.ScriptEngine.runScriptAsRawText(ScriptEngine.java:119)
	at com.kms.katalon.core.main.TestCaseExecutor.runScript(TestCaseExecutor.java:369)
	at com.kms.katalon.core.main.TestCaseExecutor.doExecute(TestCaseExecutor.java:360)
	at com.kms.katalon.core.main.TestCaseExecutor.processExecutionPhase(TestCaseExecutor.java:339)
	at com.kms.katalon.core.main.TestCaseExecutor.accessMainPhase(TestCaseExecutor.java:331)
	at com.kms.katalon.core.main.TestCaseExecutor.execute(TestCaseExecutor.java:248)
	at com.kms.katalon.core.main.TestSuiteExecutor.accessTestCaseMainPhase(TestSuiteExecutor.java:191)
	at com.kms.katalon.core.main.TestSuiteExecutor.accessTestSuiteMainPhase(TestSuiteExecutor.java:140)
	at com.kms.katalon.core.main.TestSuiteExecutor.execute(TestSuiteExecutor.java:89)
	at com.kms.katalon.core.main.TestCaseMain.startTestSuite(TestCaseMain.java:181)
	at com.kms.katalon.core.main.TestCaseMain$startTestSuite$0.call(Unknown Source)
	at TempTestSuite1637674467745.run(TempTestSuite1637674467745.groovy:39)
)

2021-11-23 17:25:07 - [TEST_STEP][PASSED] - Start listener action : sampleAfterTestSuite: Invoke 'com.kms.katalon.core.annotation.AfterTestCase' method: 'Listener.sampleAfterTestSuite(...)' completed.

2021-11-23 17:25:07 - [MESSAGE][INFO] - Starting invoke 'com.kms.katalon.core.annotation.AfterTestCase' method: 'Listener.sampleAfterTestSuite(...)'

2021-11-23 17:25:07 - [TEST_STEP][PASSED] - closeBrowser(): Invoke 'com.kms.katalon.core.annotation.AfterTestCase' method: 'Listener.sampleAfterTestSuite(...)' completed.

2021-11-23 17:25:07 - [MESSAGE][INFO] - Closing browser

2021-11-23 17:25:07 - [MESSAGE][PASSED] - Browser is closed

2021-11-23 17:25:07 - [MESSAGE][INFO] - Invoke 'com.kms.katalon.core.annotation.AfterTestCase' method: 'Listener.sampleAfterTestSuite(...)' completed.]]></system-out>
         <system-err><![CDATA[2021-11-23 17:24:18 - [TEST_CASE][FAILED] - Test Cases/Case Repository/Ayarlar/Gorsel Tasarim/Tasarim Araclari/Yukle e-Fatura: Test Cases/Case Repository/Ayarlar/Gorsel Tasarim/Tasarim Araclari/Yukle e-Fatura FAILED.
Reason:
com.kms.katalon.core.exception.StepFailedException: Feature file 'Include/features/Ayarlar/Gorsel Tasarimlar/Tasarim Araclari/Yukle e-Fatura.feature' was failed
	at com.kms.katalon.core.keyword.internal.KeywordMain.stepFailed(KeywordMain.groovy:50)
	at com.kms.katalon.core.keyword.internal.KeywordMain.stepFailed(KeywordMain.groovy)
	at com.kms.katalon.core.keyword.internal.KeywordMain.stepFailed(KeywordMain.groovy:23)
	at com.kms.katalon.core.keyword.internal.KeywordMain$stepFailed$0.call(Unknown Source)
	at com.kms.katalon.core.cucumber.keyword.CucumberBuiltinKeywords$_runFeatureFile_closure1.doCall(CucumberBuiltinKeywords.groovy:112)
	at com.kms.katalon.core.cucumber.keyword.CucumberBuiltinKeywords$_runFeatureFile_closure1.doCall(CucumberBuiltinKeywords.groovy)
	at com.kms.katalon.core.keyword.internal.KeywordMain.runKeyword(KeywordMain.groovy:68)
	at com.kms.katalon.core.keyword.internal.KeywordMain$runKeyword.call(Unknown Source)
	at com.kms.katalon.core.cucumber.keyword.CucumberBuiltinKeywords.runFeatureFile(CucumberBuiltinKeywords.groovy:73)
	at com.kms.katalon.core.cucumber.keyword.CucumberBuiltinKeywords$runFeatureFile$0.callStatic(Unknown Source)
	at com.kms.katalon.core.cucumber.keyword.CucumberBuiltinKeywords.runFeatureFile(CucumberBuiltinKeywords.groovy:246)
	at com.kms.katalon.core.cucumber.keyword.CucumberBuiltinKeywords$runFeatureFile.call(Unknown Source)
	at Yukle e-Fatura.run(Yukle e-Fatura:19)
	at com.kms.katalon.core.main.ScriptEngine.run(ScriptEngine.java:194)
	at com.kms.katalon.core.main.ScriptEngine.runScriptAsRawText(ScriptEngine.java:119)
	at com.kms.katalon.core.main.TestCaseExecutor.runScript(TestCaseExecutor.java:369)
	at com.kms.katalon.core.main.TestCaseExecutor.doExecute(TestCaseExecutor.java:360)
	at com.kms.katalon.core.main.TestCaseExecutor.processExecutionPhase(TestCaseExecutor.java:339)
	at com.kms.katalon.core.main.TestCaseExecutor.accessMainPhase(TestCaseExecutor.java:331)
	at com.kms.katalon.core.main.TestCaseExecutor.execute(TestCaseExecutor.java:248)
	at com.kms.katalon.core.main.TestSuiteExecutor.accessTestCaseMainPhase(TestSuiteExecutor.java:191)
	at com.kms.katalon.core.main.TestSuiteExecutor.accessTestSuiteMainPhase(TestSuiteExecutor.java:140)
	at com.kms.katalon.core.main.TestSuiteExecutor.execute(TestSuiteExecutor.java:89)
	at com.kms.katalon.core.main.TestCaseMain.startTestSuite(TestCaseMain.java:181)
	at com.kms.katalon.core.main.TestCaseMain$startTestSuite$0.call(Unknown Source)
	at TempTestSuite1637674467745.run(TempTestSuite1637674467745.groovy:39)]]></system-err>
      </testcase>
      <system-out><![CDATA[2021-11-23 17:09:27 - [TEST_SUITE][FAILED] - Ayarlar: Test Cases/Case Repository/Ayarlar/Gorsel Tasarim/Tasarim Araclari/Yukle e-Fatura FAILED.
Reason:
com.kms.katalon.core.exception.StepFailedException: Feature file 'Include/features/Ayarlar/Gorsel Tasarimlar/Tasarim Araclari/Yukle e-Fatura.feature' was failed
	at com.kms.katalon.core.keyword.internal.KeywordMain.stepFailed(KeywordMain.groovy:50)
	at com.kms.katalon.core.keyword.internal.KeywordMain.stepFailed(KeywordMain.groovy)
	at com.kms.katalon.core.keyword.internal.KeywordMain.stepFailed(KeywordMain.groovy:23)
	at com.kms.katalon.core.keyword.internal.KeywordMain$stepFailed$0.call(Unknown Source)
	at com.kms.katalon.core.cucumber.keyword.CucumberBuiltinKeywords$_runFeatureFile_closure1.doCall(CucumberBuiltinKeywords.groovy:112)
	at com.kms.katalon.core.cucumber.keyword.CucumberBuiltinKeywords$_runFeatureFile_closure1.doCall(CucumberBuiltinKeywords.groovy)
	at com.kms.katalon.core.keyword.internal.KeywordMain.runKeyword(KeywordMain.groovy:68)
	at com.kms.katalon.core.keyword.internal.KeywordMain$runKeyword.call(Unknown Source)
	at com.kms.katalon.core.cucumber.keyword.CucumberBuiltinKeywords.runFeatureFile(CucumberBuiltinKeywords.groovy:73)
	at com.kms.katalon.core.cucumber.keyword.CucumberBuiltinKeywords$runFeatureFile$0.callStatic(Unknown Source)
	at com.kms.katalon.core.cucumber.keyword.CucumberBuiltinKeywords.runFeatureFile(CucumberBuiltinKeywords.groovy:246)
	at com.kms.katalon.core.cucumber.keyword.CucumberBuiltinKeywords$runFeatureFile.call(Unknown Source)
	at Yukle e-Fatura.run(Yukle e-Fatura:19)
	at com.kms.katalon.core.main.ScriptEngine.run(ScriptEngine.java:194)
	at com.kms.katalon.core.main.ScriptEngine.runScriptAsRawText(ScriptEngine.java:119)
	at com.kms.katalon.core.main.TestCaseExecutor.runScript(TestCaseExecutor.java:369)
	at com.kms.katalon.core.main.TestCaseExecutor.doExecute(TestCaseExecutor.java:360)
	at com.kms.katalon.core.main.TestCaseExecutor.processExecutionPhase(TestCaseExecutor.java:339)
	at com.kms.katalon.core.main.TestCaseExecutor.accessMainPhase(TestCaseExecutor.java:331)
	at com.kms.katalon.core.main.TestCaseExecutor.execute(TestCaseExecutor.java:248)
	at com.kms.katalon.core.main.TestSuiteExecutor.accessTestCaseMainPhase(TestSuiteExecutor.java:191)
	at com.kms.katalon.core.main.TestSuiteExecutor.accessTestSuiteMainPhase(TestSuiteExecutor.java:140)
	at com.kms.katalon.core.main.TestSuiteExecutor.execute(TestSuiteExecutor.java:89)
	at com.kms.katalon.core.main.TestCaseMain.startTestSuite(TestCaseMain.java:181)
	at com.kms.katalon.core.main.TestCaseMain$startTestSuite$0.call(Unknown Source)
	at TempTestSuite1637674467745.run(TempTestSuite1637674467745.groovy:39)]]></system-out>
      <system-err><![CDATA[2021-11-23 17:09:27 - [TEST_SUITE][FAILED] - Ayarlar: Test Cases/Case Repository/Ayarlar/Gorsel Tasarim/Tasarim Araclari/Yukle e-Fatura FAILED.
Reason:
com.kms.katalon.core.exception.StepFailedException: Feature file 'Include/features/Ayarlar/Gorsel Tasarimlar/Tasarim Araclari/Yukle e-Fatura.feature' was failed
	at com.kms.katalon.core.keyword.internal.KeywordMain.stepFailed(KeywordMain.groovy:50)
	at com.kms.katalon.core.keyword.internal.KeywordMain.stepFailed(KeywordMain.groovy)
	at com.kms.katalon.core.keyword.internal.KeywordMain.stepFailed(KeywordMain.groovy:23)
	at com.kms.katalon.core.keyword.internal.KeywordMain$stepFailed$0.call(Unknown Source)
	at com.kms.katalon.core.cucumber.keyword.CucumberBuiltinKeywords$_runFeatureFile_closure1.doCall(CucumberBuiltinKeywords.groovy:112)
	at com.kms.katalon.core.cucumber.keyword.CucumberBuiltinKeywords$_runFeatureFile_closure1.doCall(CucumberBuiltinKeywords.groovy)
	at com.kms.katalon.core.keyword.internal.KeywordMain.runKeyword(KeywordMain.groovy:68)
	at com.kms.katalon.core.keyword.internal.KeywordMain$runKeyword.call(Unknown Source)
	at com.kms.katalon.core.cucumber.keyword.CucumberBuiltinKeywords.runFeatureFile(CucumberBuiltinKeywords.groovy:73)
	at com.kms.katalon.core.cucumber.keyword.CucumberBuiltinKeywords$runFeatureFile$0.callStatic(Unknown Source)
	at com.kms.katalon.core.cucumber.keyword.CucumberBuiltinKeywords.runFeatureFile(CucumberBuiltinKeywords.groovy:246)
	at com.kms.katalon.core.cucumber.keyword.CucumberBuiltinKeywords$runFeatureFile.call(Unknown Source)
	at Yukle e-Fatura.run(Yukle e-Fatura:19)
	at com.kms.katalon.core.main.ScriptEngine.run(ScriptEngine.java:194)
	at com.kms.katalon.core.main.ScriptEngine.runScriptAsRawText(ScriptEngine.java:119)
	at com.kms.katalon.core.main.TestCaseExecutor.runScript(TestCaseExecutor.java:369)
	at com.kms.katalon.core.main.TestCaseExecutor.doExecute(TestCaseExecutor.java:360)
	at com.kms.katalon.core.main.TestCaseExecutor.processExecutionPhase(TestCaseExecutor.java:339)
	at com.kms.katalon.core.main.TestCaseExecutor.accessMainPhase(TestCaseExecutor.java:331)
	at com.kms.katalon.core.main.TestCaseExecutor.execute(TestCaseExecutor.java:248)
	at com.kms.katalon.core.main.TestSuiteExecutor.accessTestCaseMainPhase(TestSuiteExecutor.java:191)
	at com.kms.katalon.core.main.TestSuiteExecutor.accessTestSuiteMainPhase(TestSuiteExecutor.java:140)
	at com.kms.katalon.core.main.TestSuiteExecutor.execute(TestSuiteExecutor.java:89)
	at com.kms.katalon.core.main.TestCaseMain.startTestSuite(TestCaseMain.java:181)
	at com.kms.katalon.core.main.TestCaseMain$startTestSuite$0.call(Unknown Source)
	at TempTestSuite1637674467745.run(TempTestSuite1637674467745.groovy:39)]]></system-err>
   </testsuite>
</testsuites>
